#
# There is insufficient memory for the Java Runtime Environment to continue.
# Native memory allocation (malloc) failed to allocate 979456 bytes for Chunk::new
# Possible reasons:
#   The system is out of physical RAM or swap space
#   The process is running with CompressedOops enabled, and the Java Heap may be blocking the growth of the native heap
# Possible solutions:
#   Reduce memory load on the system
#   Increase physical memory or swap space
#   Check if swap backing store is full
#   Decrease Java heap size (-Xmx/-Xms)
#   Decrease number of Java threads
#   Decrease Java thread stack sizes (-Xss)
#   Set larger code cache with -XX:ReservedCodeCacheSize=
#   JVM is running with Unscaled Compressed Oops mode in which the Java heap is
#     placed in the first 4GB address space. The Java Heap base address is the
#     maximum limit for the native heap growth. Please use -XX:HeapBaseMinAddress
#     to set the Java Heap base and to place the Java Heap above 4GB virtual address.
# This output file may be truncated or incomplete.
#
#  Out of Memory Error (allocation.cpp:389), pid=5864, tid=0x0000000000001b7c
#
# JRE version: Java(TM) SE Runtime Environment (8.0_241-b07) (build 1.8.0_241-b07)
# Java VM: Java HotSpot(TM) 64-Bit Server VM (25.241-b07 mixed mode windows-amd64 compressed oops)
# Failed to write core dump. Minidumps are not enabled by default on client versions of Windows
#

---------------  T H R E A D  ---------------

Current thread (0x000000001707f800):  JavaThread "C2 CompilerThread1" daemon [_thread_in_native, id=7036, stack(0x00000000187d0000,0x00000000188d0000)]

Stack: [0x00000000187d0000,0x00000000188d0000]
[error occurred during error reporting (printing stack bounds), id 0xc0000005]

Native frames: (J=compiled Java code, j=interpreted, Vv=VM code, C=native code)


Current CompileTask:
C2:   9026 4027       4       java.lang.Class::privateGetMethodRecursive (130 bytes)


---------------  P R O C E S S  ---------------

Java Threads: ( => current thread )
  0x000000001bd4d000 JavaThread "HikariPool-1 connection adder" daemon [_thread_blocked, id=10464, stack(0x0000000020c90000,0x0000000020d90000)]
  0x000000001bd4a000 JavaThread "HikariPool-1 housekeeper" daemon [_thread_blocked, id=5980, stack(0x0000000020990000,0x0000000020a90000)]
  0x000000001bd4b000 JavaThread "mysql-cj-abandoned-connection-cleanup" daemon [_thread_blocked, id=3620, stack(0x000000001c3d0000,0x000000001c4d0000)]
  0x00000000194f6000 JavaThread "ReaderThread" [_thread_in_native, id=14124, stack(0x00000000197d0000,0x00000000198d0000)]
  0x0000000018a10000 JavaThread "Service Thread" daemon [_thread_blocked, id=7900, stack(0x0000000018dd0000,0x0000000018ed0000)]
  0x0000000017083800 JavaThread "C1 CompilerThread2" daemon [_thread_blocked, id=3476, stack(0x00000000188d0000,0x00000000189d0000)]
=>0x000000001707f800 JavaThread "C2 CompilerThread1" daemon [_thread_in_native, id=7036, stack(0x00000000187d0000,0x00000000188d0000)]
  0x0000000017072000 JavaThread "C2 CompilerThread0" daemon [_thread_in_native, id=7916, stack(0x00000000186d0000,0x00000000187d0000)]
  0x0000000017071000 JavaThread "Attach Listener" daemon [_thread_blocked, id=960, stack(0x00000000185d0000,0x00000000186d0000)]
  0x000000001706e000 JavaThread "Signal Dispatcher" daemon [_thread_blocked, id=14016, stack(0x00000000184d0000,0x00000000185d0000)]
  0x000000000258d800 JavaThread "Finalizer" daemon [_thread_blocked, id=10940, stack(0x00000000182d0000,0x00000000183d0000)]
  0x000000001704a000 JavaThread "Reference Handler" daemon [_thread_blocked, id=8512, stack(0x00000000181d0000,0x00000000182d0000)]
  0x0000000002498000 JavaThread "main" [_thread_in_vm, id=12300, stack(0x0000000002390000,0x0000000002490000)]

Other Threads:
  0x0000000017026800 VMThread [stack: 0x00000000180d0000,0x00000000181d0000] [id=8940]
  0x00000000170bd800 WatcherThread [stack: 0x0000000018ed0000,0x0000000018fd0000] [id=11556]

VM state:not at safepoint (normal execution)

VM Mutex/Monitor currently owned by a thread: None

heap address: 0x0000000082200000, size: 2014 MB, Compressed Oops mode: 32-bit
Narrow klass base: 0x0000000000000000, Narrow klass shift: 3
Compressed class space size: 1073741824 Address: 0x0000000100000000

Heap:
 PSYoungGen      total 178176K, used 72784K [0x00000000d6100000, 0x00000000e4e80000, 0x0000000100000000)
  eden space 166912K, 36% used [0x00000000d6100000,0x00000000d9d1b858,0x00000000e0400000)
  from space 11264K, 99% used [0x00000000e0400000,0x00000000e0ef8b50,0x00000000e0f00000)
  to   space 15872K, 0% used [0x00000000e3f00000,0x00000000e3f00000,0x00000000e4e80000)
 ParOldGen       total 84480K, used 22198K [0x0000000082200000, 0x0000000087480000, 0x00000000d6100000)
  object space 84480K, 26% used [0x0000000082200000,0x00000000837ad9d8,0x0000000087480000)
 Metaspace       used 51928K, capacity 55000K, committed 55256K, reserved 1097728K
  class space    used 7352K, capacity 7873K, committed 7936K, reserved 1048576K

Card table byte_map: [0x0000000011950000,0x0000000011d40000] byte_map_base: 0x000000001153f000

Marking Bits: (ParMarkBitMap*) 0x00000000741fbe30
 Begin Bits: [0x00000000123e0000, 0x0000000014358000)
 End Bits:   [0x0000000014358000, 0x00000000162d0000)

Polling page: 0x0000000000ae0000

CodeCache: size=245760Kb used=14538Kb max_used=14538Kb free=231221Kb
 bounds [0x0000000002590000, 0x00000000033d0000, 0x0000000011590000]
 total_blobs=4676 nmethods=4149 adapters=439
 compilation: enabled

Compilation events (10 events):
Event: 8.979 Thread 0x0000000017083800 4187       2       org.springframework.cglib.core.Signature::getReturnType (8 bytes)
Event: 8.979 Thread 0x0000000017083800 nmethod 4187 0x00000000033c9b10 code [0x00000000033c9c80, 0x00000000033c9e38]
Event: 8.979 Thread 0x0000000017083800 4181       2       org.springframework.cglib.core.CodeEmitter::return_value (24 bytes)
Event: 8.979 Thread 0x0000000017083800 nmethod 4181 0x00000000033c9f90 code [0x00000000033ca120, 0x00000000033ca338]
Event: 8.980 Thread 0x0000000017083800 4190       2       org.springframework.asm.Type::getSize (86 bytes)
Event: 8.980 Thread 0x0000000017083800 nmethod 4190 0x00000000033ca550 code [0x00000000033ca6c0, 0x00000000033ca948]
Event: 8.980 Thread 0x0000000017083800 4189       2       org.springframework.cglib.core.CodeEmitter::push (97 bytes)
Event: 8.980 Thread 0x0000000017083800 nmethod 4189 0x00000000033caa50 code [0x00000000033cac00, 0x00000000033caf58]
Event: 8.980 Thread 0x0000000017083800 4188       1       org.springframework.cglib.core.ReflectUtils$6::getModifiers (5 bytes)
Event: 8.980 Thread 0x0000000017083800 nmethod 4188 0x00000000033cb0d0 code [0x00000000033cb220, 0x00000000033cb330]

GC Heap History (10 events):
Event: 2.626 GC heap before
{Heap before GC invocations=7 (full 1):
 PSYoungGen      total 70656K, used 65536K [0x00000000d6100000, 0x00000000df100000, 0x0000000100000000)
  eden space 65536K, 100% used [0x00000000d6100000,0x00000000da100000,0x00000000da100000)
  from space 5120K, 0% used [0x00000000da100000,0x00000000da100000,0x00000000da600000)
  to   space 8192K, 0% used [0x00000000de900000,0x00000000de900000,0x00000000df100000)
 ParOldGen       total 53248K, used 6594K [0x0000000082200000, 0x0000000085600000, 0x00000000d6100000)
  object space 53248K, 12% used [0x0000000082200000,0x0000000082870a28,0x0000000085600000)
 Metaspace       used 22776K, capacity 24136K, committed 24320K, reserved 1071104K
  class space    used 3014K, capacity 3273K, committed 3328K, reserved 1048576K
Event: 2.632 GC heap after
Heap after GC invocations=7 (full 1):
 PSYoungGen      total 110592K, used 3674K [0x00000000d6100000, 0x00000000ded00000, 0x0000000100000000)
  eden space 106496K, 0% used [0x00000000d6100000,0x00000000d6100000,0x00000000dc900000)
  from space 4096K, 89% used [0x00000000de900000,0x00000000dec968f0,0x00000000ded00000)
  to   space 8192K, 0% used [0x00000000ddd00000,0x00000000ddd00000,0x00000000de500000)
 ParOldGen       total 53248K, used 6594K [0x0000000082200000, 0x0000000085600000, 0x00000000d6100000)
  object space 53248K, 12% used [0x0000000082200000,0x0000000082870a28,0x0000000085600000)
 Metaspace       used 22776K, capacity 24136K, committed 24320K, reserved 1071104K
  class space    used 3014K, capacity 3273K, committed 3328K, reserved 1048576K
}
Event: 4.144 GC heap before
{Heap before GC invocations=8 (full 1):
 PSYoungGen      total 110592K, used 110170K [0x00000000d6100000, 0x00000000ded00000, 0x0000000100000000)
  eden space 106496K, 100% used [0x00000000d6100000,0x00000000dc900000,0x00000000dc900000)
  from space 4096K, 89% used [0x00000000de900000,0x00000000dec968f0,0x00000000ded00000)
  to   space 8192K, 0% used [0x00000000ddd00000,0x00000000ddd00000,0x00000000de500000)
 ParOldGen       total 53248K, used 6594K [0x0000000082200000, 0x0000000085600000, 0x00000000d6100000)
  object space 53248K, 12% used [0x0000000082200000,0x0000000082870a28,0x0000000085600000)
 Metaspace       used 28865K, capacity 30594K, committed 30848K, reserved 1075200K
  class space    used 3855K, capacity 4202K, committed 4224K, reserved 1048576K
Event: 4.157 GC heap after
Heap after GC invocations=8 (full 1):
 PSYoungGen      total 135168K, used 8186K [0x00000000d6100000, 0x00000000e1900000, 0x0000000100000000)
  eden space 126976K, 0% used [0x00000000d6100000,0x00000000d6100000,0x00000000ddd00000)
  from space 8192K, 99% used [0x00000000ddd00000,0x00000000de4fea50,0x00000000de500000)
  to   space 10240K, 0% used [0x00000000e0f00000,0x00000000e0f00000,0x00000000e1900000)
 ParOldGen       total 53248K, used 8386K [0x0000000082200000, 0x0000000085600000, 0x00000000d6100000)
  object space 53248K, 15% used [0x0000000082200000,0x0000000082a30b48,0x0000000085600000)
 Metaspace       used 28865K, capacity 30594K, committed 30848K, reserved 1075200K
  class space    used 3855K, capacity 4202K, committed 4224K, reserved 1048576K
}
Event: 5.015 GC heap before
{Heap before GC invocations=9 (full 1):
 PSYoungGen      total 135168K, used 71366K [0x00000000d6100000, 0x00000000e1900000, 0x0000000100000000)
  eden space 126976K, 49% used [0x00000000d6100000,0x00000000d9eb2e28,0x00000000ddd00000)
  from space 8192K, 99% used [0x00000000ddd00000,0x00000000de4fea50,0x00000000de500000)
  to   space 10240K, 0% used [0x00000000e0f00000,0x00000000e0f00000,0x00000000e1900000)
 ParOldGen       total 53248K, used 8386K [0x0000000082200000, 0x0000000085600000, 0x00000000d6100000)
  object space 53248K, 15% used [0x0000000082200000,0x0000000082a30b48,0x0000000085600000)
 Metaspace       used 33362K, capacity 35274K, committed 35416K, reserved 1079296K
  class space    used 4528K, capacity 4898K, committed 4992K, reserved 1048576K
Event: 5.027 GC heap after
Heap after GC invocations=9 (full 1):
 PSYoungGen      total 177152K, used 9104K [0x00000000d6100000, 0x00000000e3780000, 0x0000000100000000)
  eden space 166912K, 0% used [0x00000000d6100000,0x00000000d6100000,0x00000000e0400000)
  from space 10240K, 88% used [0x00000000e0f00000,0x00000000e17e40d0,0x00000000e1900000)
  to   space 11264K, 0% used [0x00000000e0400000,0x00000000e0400000,0x00000000e0f00000)
 ParOldGen       total 53248K, used 8394K [0x0000000082200000, 0x0000000085600000, 0x00000000d6100000)
  object space 53248K, 15% used [0x0000000082200000,0x0000000082a32b48,0x0000000085600000)
 Metaspace       used 33362K, capacity 35274K, committed 35416K, reserved 1079296K
  class space    used 4528K, capacity 4898K, committed 4992K, reserved 1048576K
}
Event: 5.027 GC heap before
{Heap before GC invocations=10 (full 2):
 PSYoungGen      total 177152K, used 9104K [0x00000000d6100000, 0x00000000e3780000, 0x0000000100000000)
  eden space 166912K, 0% used [0x00000000d6100000,0x00000000d6100000,0x00000000e0400000)
  from space 10240K, 88% used [0x00000000e0f00000,0x00000000e17e40d0,0x00000000e1900000)
  to   space 11264K, 0% used [0x00000000e0400000,0x00000000e0400000,0x00000000e0f00000)
 ParOldGen       total 53248K, used 8394K [0x0000000082200000, 0x0000000085600000, 0x00000000d6100000)
  object space 53248K, 15% used [0x0000000082200000,0x0000000082a32b48,0x0000000085600000)
 Metaspace       used 33362K, capacity 35274K, committed 35416K, reserved 1079296K
  class space    used 4528K, capacity 4898K, committed 4992K, reserved 1048576K
Event: 5.102 GC heap after
Heap after GC invocations=10 (full 2):
 PSYoungGen      total 177152K, used 0K [0x00000000d6100000, 0x00000000e3780000, 0x0000000100000000)
  eden space 166912K, 0% used [0x00000000d6100000,0x00000000d6100000,0x00000000e0400000)
  from space 10240K, 0% used [0x00000000e0f00000,0x00000000e0f00000,0x00000000e1900000)
  to   space 11264K, 0% used [0x00000000e0400000,0x00000000e0400000,0x00000000e0f00000)
 ParOldGen       total 84480K, used 13616K [0x0000000082200000, 0x0000000087480000, 0x00000000d6100000)
  object space 84480K, 16% used [0x0000000082200000,0x0000000082f4c158,0x0000000087480000)
 Metaspace       used 33362K, capacity 35274K, committed 35416K, reserved 1079296K
  class space    used 4528K, capacity 4898K, committed 4992K, reserved 1048576K
}
Event: 8.076 GC heap before
{Heap before GC invocations=11 (full 2):
 PSYoungGen      total 177152K, used 166912K [0x00000000d6100000, 0x00000000e3780000, 0x0000000100000000)
  eden space 166912K, 100% used [0x00000000d6100000,0x00000000e0400000,0x00000000e0400000)
  from space 10240K, 0% used [0x00000000e0f00000,0x00000000e0f00000,0x00000000e1900000)
  to   space 11264K, 0% used [0x00000000e0400000,0x00000000e0400000,0x00000000e0f00000)
 ParOldGen       total 84480K, used 13616K [0x0000000082200000, 0x0000000087480000, 0x00000000d6100000)
  object space 84480K, 16% used [0x0000000082200000,0x0000000082f4c158,0x0000000087480000)
 Metaspace       used 50591K, capacity 53322K, committed 53464K, reserved 1095680K
  class space    used 7135K, capacity 7628K, committed 7680K, reserved 1048576K
Event: 8.104 GC heap after
Heap after GC invocations=11 (full 2):
 PSYoungGen      total 178176K, used 11234K [0x00000000d6100000, 0x00000000e4e80000, 0x0000000100000000)
  eden space 166912K, 0% used [0x00000000d6100000,0x00000000d6100000,0x00000000e0400000)
  from space 11264K, 99% used [0x00000000e0400000,0x00000000e0ef8b50,0x00000000e0f00000)
  to   space 15872K, 0% used [0x00000000e3f00000,0x00000000e3f00000,0x00000000e4e80000)
 ParOldGen       total 84480K, used 22198K [0x0000000082200000, 0x0000000087480000, 0x00000000d6100000)
  object space 84480K, 26% used [0x0000000082200000,0x00000000837ad9d8,0x0000000087480000)
 Metaspace       used 50591K, capacity 53322K, committed 53464K, reserved 1095680K
  class space    used 7135K, capacity 7628K, committed 7680K, reserved 1048576K
}

Deoptimization events (10 events):
Event: 7.906 Thread 0x0000000002498000 Uncommon trap: reason=unstable_if action=reinterpret pc=0x0000000002b78710 method=java.util.Properties$LineReader.readLine()I @ 252
Event: 7.911 Thread 0x0000000002498000 Uncommon trap: reason=unstable_if action=reinterpret pc=0x0000000002ae4e5c method=java.io.WinNTFileSystem.isLetter(C)Z @ 3
Event: 7.917 Thread 0x0000000002498000 Uncommon trap: reason=unstable_if action=reinterpret pc=0x0000000003185ee0 method=java.io.WinNTFileSystem.resolve(Ljava/lang/String;Ljava/lang/String;)Ljava/lang/String; @ 117
Event: 8.001 Thread 0x0000000002498000 Uncommon trap: reason=unstable_if action=reinterpret pc=0x00000000032c838c method=org.springframework.core.annotation.TypeMappedAnnotations$MergedAnnotationFinder.doWithAnnotations(Ljava/lang/Object;ILjava/lang/Object;[Ljava/lang/annotation/Annotation;)Lo
Event: 8.169 Thread 0x0000000002498000 Uncommon trap: reason=unstable_if action=reinterpret pc=0x0000000002f6bfc8 method=org.springframework.core.ResolvableType.resolveClass()Ljava/lang/Class; @ 37
Event: 8.416 Thread 0x0000000002498000 Uncommon trap: reason=unstable_if action=reinterpret pc=0x0000000003363be8 method=org.springframework.core.annotation.AnnotationsScanner.getBaseTypeMethods(Ljava/lang/Object;Ljava/lang/Class;Ljava/util/function/BiPredicate;)[Ljava/lang/reflect/Method; @ 1
Event: 8.604 Thread 0x0000000002498000 Uncommon trap: reason=unstable_if action=reinterpret pc=0x0000000003329d9c method=org.springframework.beans.factory.support.AbstractBeanFactory.isTypeMatch(Ljava/lang/String;Lorg/springframework/core/ResolvableType;Z)Z @ 559
Event: 8.678 Thread 0x0000000002498000 Uncommon trap: reason=range_check action=make_not_entrant pc=0x0000000003062eac method=java.util.zip.ZipUtils.get16([BI)I @ 10
Event: 8.847 Thread 0x0000000002498000 Uncommon trap: reason=unstable_if action=reinterpret pc=0x0000000003038218 method=java.util.concurrent.ConcurrentHashMap.putVal(Ljava/lang/Object;Ljava/lang/Object;Z)Ljava/lang/Object; @ 331
Event: 8.848 Thread 0x0000000002498000 Uncommon trap: reason=unstable_if action=reinterpret pc=0x00000000030250f0 method=java.util.concurrent.ConcurrentHashMap.get(Ljava/lang/Object;)Ljava/lang/Object; @ 86

Classes redefined (0 events):
No events

Internal exceptions (10 events):
Event: 8.862 Thread 0x0000000002498000 Exception <a 'java/lang/ClassNotFoundException': org/springframework/http/converter/AbstractHttpMessageConverterCustomizer> (0x00000000d933b938) thrown at [C:\ade\jenkins\workspace\8-2-build-windows-amd64-cygwin\jdk8u241\331\hotspot\src\share\vm\classfile
Event: 8.863 Thread 0x0000000002498000 Exception <a 'java/lang/ClassNotFoundException': org/springframework/http/converter/AbstractGenericHttpMessageConverterCustomizer> (0x00000000d936fe00) thrown at [C:\ade\jenkins\workspace\8-2-build-windows-amd64-cygwin\jdk8u241\331\hotspot\src\share\vm\cl
Event: 8.865 Thread 0x0000000002498000 Exception <a 'java/lang/ClassNotFoundException': org/springframework/http/converter/json/AbstractJackson2HttpMessageConverterCustomizer> (0x00000000d93a4e48) thrown at [C:\ade\jenkins\workspace\8-2-build-windows-amd64-cygwin\jdk8u241\331\hotspot\src\share
Event: 8.869 Thread 0x0000000002498000 Exception <a 'java/lang/ClassNotFoundException': org/springframework/http/converter/json/MappingJackson2HttpMessageConverterCustomizer> (0x00000000d93e0630) thrown at [C:\ade\jenkins\workspace\8-2-build-windows-amd64-cygwin\jdk8u241\331\hotspot\src\share\
Event: 8.871 Thread 0x0000000002498000 Exception <a 'java/lang/ClassNotFoundException': org/springframework/http/converter/GenericHttpMessageConverterCustomizer> (0x00000000d9412c40) thrown at [C:\ade\jenkins\workspace\8-2-build-windows-amd64-cygwin\jdk8u241\331\hotspot\src\share\vm\classfile\
Event: 8.872 Thread 0x0000000002498000 Exception <a 'java/lang/ClassNotFoundException': org/springframework/http/converter/HttpMessageConverterCustomizer> (0x00000000d943f438) thrown at [C:\ade\jenkins\workspace\8-2-build-windows-amd64-cygwin\jdk8u241\331\hotspot\src\share\vm\classfile\systemD
Event: 8.874 Thread 0x0000000002498000 Exception <a 'java/lang/ClassNotFoundException': org/springframework/http/converter/HttpMessageConverterCustomizer> (0x00000000d9468998) thrown at [C:\ade\jenkins\workspace\8-2-build-windows-amd64-cygwin\jdk8u241\331\hotspot\src\share\vm\classfile\systemD
Event: 8.886 Thread 0x0000000002498000 Exception <a 'java/lang/ClassNotFoundException': java/lang/ObjectCustomizer> (0x00000000d9529b38) thrown at [C:\ade\jenkins\workspace\8-2-build-windows-amd64-cygwin\jdk8u241\331\hotspot\src\share\vm\classfile\systemDictionary.cpp, line 210]
Event: 8.887 Thread 0x0000000002498000 Exception <a 'java/lang/ClassNotFoundException': org/springframework/boot/autoconfigure/http/HttpMessageConvertersCustomizer> (0x00000000d9555798) thrown at [C:\ade\jenkins\workspace\8-2-build-windows-amd64-cygwin\jdk8u241\331\hotspot\src\share\vm\classfi
Event: 8.888 Thread 0x0000000002498000 Exception <a 'java/lang/ClassNotFoundException': java/lang/IterableCustomizer> (0x00000000d956a358) thrown at [C:\ade\jenkins\workspace\8-2-build-windows-amd64-cygwin\jdk8u241\331\hotspot\src\share\vm\classfile\systemDictionary.cpp, line 210]

Events (10 events):
Event: 8.960 loading class com/jayway/jsonpath/ParseContext
Event: 8.960 loading class com/jayway/jsonpath/ParseContext done
Event: 8.960 loading class com/jayway/jsonpath/internal/ParseContextImpl
Event: 8.960 loading class com/jayway/jsonpath/internal/ParseContextImpl done
Event: 8.961 loading class org/xmlbeam/XBProjector
Event: 8.961 loading class org/xmlbeam/XBProjector done
Event: 8.962 loading class org/xmlbeam$XBProjector
Event: 8.962 loading class org/xmlbeam$XBProjector done
Event: 8.980 loading class org/springframework/data/web/SortDefault$SortDefaults
Event: 8.980 loading class org/springframework/data/web/SortDefault$SortDefaults done


Dynamic libraries:
0x00007ff737b70000 - 0x00007ff737ba7000 	C:\Program Files\Java\jdk1.8.0_241\bin\javaw.exe
0x00007ffec8120000 - 0x00007ffec8310000 	C:\WINDOWS\SYSTEM32\ntdll.dll
0x00007ffec6c50000 - 0x00007ffec6d02000 	C:\WINDOWS\System32\KERNEL32.DLL
0x00007ffec5ca0000 - 0x00007ffec5f43000 	C:\WINDOWS\System32\KERNELBASE.dll
0x00007ffec67b0000 - 0x00007ffec6853000 	C:\WINDOWS\System32\ADVAPI32.dll
0x00007ffec7460000 - 0x00007ffec74fe000 	C:\WINDOWS\System32\msvcrt.dll
0x00007ffec66f0000 - 0x00007ffec6787000 	C:\WINDOWS\System32\sechost.dll
0x00007ffec7d70000 - 0x00007ffec7e90000 	C:\WINDOWS\System32\RPCRT4.dll
0x00007ffec76b0000 - 0x00007ffec7844000 	C:\WINDOWS\System32\USER32.dll
0x00007ffec5f50000 - 0x00007ffec5f71000 	C:\WINDOWS\System32\win32u.dll
0x00007ffec6a40000 - 0x00007ffec6a66000 	C:\WINDOWS\System32\GDI32.dll
0x00007ffec50b0000 - 0x00007ffec5244000 	C:\WINDOWS\System32\gdi32full.dll
0x00007ffec60d0000 - 0x00007ffec616e000 	C:\WINDOWS\System32\msvcp_win.dll
0x00007ffec5f80000 - 0x00007ffec607a000 	C:\WINDOWS\System32\ucrtbase.dll
0x00007ffea91f0000 - 0x00007ffea9475000 	C:\WINDOWS\WinSxS\amd64_microsoft.windows.common-controls_6595b64144ccf1df_6.0.18362.720_none_e6beb5c51314836b\COMCTL32.dll
0x00007ffec7850000 - 0x00007ffec7b86000 	C:\WINDOWS\System32\combase.dll
0x00007ffec5a80000 - 0x00007ffec5b00000 	C:\WINDOWS\System32\bcryptPrimitives.dll
0x00007ffec7b90000 - 0x00007ffec7bbe000 	C:\WINDOWS\System32\IMM32.DLL
0x0000000074570000 - 0x0000000074642000 	C:\Program Files\Java\jdk1.8.0_241\jre\bin\msvcr100.dll
0x00000000739d0000 - 0x000000007427c000 	C:\Program Files\Java\jdk1.8.0_241\jre\bin\server\jvm.dll
0x00007ffec6a30000 - 0x00007ffec6a38000 	C:\WINDOWS\System32\PSAPI.DLL
0x00007ffec3b10000 - 0x00007ffec3b19000 	C:\WINDOWS\SYSTEM32\WSOCK32.dll
0x00007ffec1470000 - 0x00007ffec1494000 	C:\WINDOWS\SYSTEM32\WINMM.dll
0x00007ffec7500000 - 0x00007ffec756f000 	C:\WINDOWS\System32\WS2_32.dll
0x00007ffebfe10000 - 0x00007ffebfe3d000 	C:\WINDOWS\SYSTEM32\winmmbase.dll
0x00007ffec5c50000 - 0x00007ffec5c9a000 	C:\WINDOWS\System32\cfgmgr32.dll
0x00007ffebb410000 - 0x00007ffebb41a000 	C:\WINDOWS\SYSTEM32\VERSION.dll
0x00007ffebbd70000 - 0x00007ffebbd7f000 	C:\Program Files\Java\jdk1.8.0_241\jre\bin\verify.dll
0x00007ffe97ea0000 - 0x00007ffe97ec9000 	C:\Program Files\Java\jdk1.8.0_241\jre\bin\java.dll
0x00007ffebbcf0000 - 0x00007ffebbd06000 	C:\Program Files\Java\jdk1.8.0_241\jre\bin\zip.dll
0x00007ffec6d10000 - 0x00007ffec73f5000 	C:\WINDOWS\System32\SHELL32.dll
0x00007ffec61d0000 - 0x00007ffec6279000 	C:\WINDOWS\System32\shcore.dll
0x00007ffec5250000 - 0x00007ffec59d0000 	C:\WINDOWS\System32\windows.storage.dll
0x00007ffec5010000 - 0x00007ffec5033000 	C:\WINDOWS\System32\profapi.dll
0x00007ffec5060000 - 0x00007ffec50aa000 	C:\WINDOWS\System32\powrprof.dll
0x00007ffec4fe0000 - 0x00007ffec4ff0000 	C:\WINDOWS\System32\UMPDC.dll
0x00007ffec8080000 - 0x00007ffec80d2000 	C:\WINDOWS\System32\shlwapi.dll
0x00007ffec5040000 - 0x00007ffec5051000 	C:\WINDOWS\System32\kernel.appcore.dll
0x00007ffec60b0000 - 0x00007ffec60c7000 	C:\WINDOWS\System32\cryptsp.dll
0x00007ffebbbd0000 - 0x00007ffebbbea000 	C:\Program Files\Java\jdk1.8.0_241\jre\bin\net.dll
0x00007ffec47f0000 - 0x00007ffec4857000 	C:\WINDOWS\system32\mswsock.dll
0x00007ffea44f0000 - 0x00007ffea4502000 	C:\Program Files\Java\jdk1.8.0_241\jre\bin\nio.dll
0x00007ffebaa70000 - 0x00007ffebaa7d000 	C:\Program Files\Java\jdk1.8.0_241\jre\bin\management.dll
0x00007ffeabd30000 - 0x00007ffeabd46000 	C:\WINDOWS\system32\napinsp.dll
0x00007ffeabd10000 - 0x00007ffeabd2a000 	C:\WINDOWS\system32\pnrpnsp.dll
0x00007ffec4550000 - 0x00007ffec461a000 	C:\WINDOWS\SYSTEM32\DNSAPI.dll
0x00007ffec7fc0000 - 0x00007ffec7fc8000 	C:\WINDOWS\System32\NSI.dll
0x00007ffec4500000 - 0x00007ffec453a000 	C:\WINDOWS\SYSTEM32\IPHLPAPI.DLL
0x00007ffeabd00000 - 0x00007ffeabd0e000 	C:\WINDOWS\System32\winrnr.dll
0x00007ffec1990000 - 0x00007ffec19ac000 	C:\WINDOWS\system32\NLAapi.dll
0x00007ffec19b0000 - 0x00007ffec19c5000 	C:\WINDOWS\system32\wshbth.dll
0x00007ffebbdf0000 - 0x00007ffebbdfa000 	C:\Windows\System32\rasadhlp.dll
0x00007ffebc8f0000 - 0x00007ffebc967000 	C:\WINDOWS\System32\fwpuclnt.dll
0x00007ffec6080000 - 0x00007ffec60a6000 	C:\WINDOWS\System32\bcrypt.dll
0x00007ffec4360000 - 0x00007ffec4393000 	C:\WINDOWS\system32\rsaenh.dll
0x00007ffec4ed0000 - 0x00007ffec4ef5000 	C:\WINDOWS\SYSTEM32\USERENV.dll
0x00007ffec49c0000 - 0x00007ffec49cc000 	C:\WINDOWS\SYSTEM32\CRYPTBASE.dll
0x00007ffebcb80000 - 0x00007ffebcb96000 	C:\WINDOWS\SYSTEM32\dhcpcsvc6.DLL
0x00007ffebcaf0000 - 0x00007ffebcb0c000 	C:\WINDOWS\SYSTEM32\dhcpcsvc.DLL

VM Arguments:
jvm_args: -ea -Dfile.encoding=UTF-8 
java_command: org.eclipse.jdt.internal.junit.runner.RemoteTestRunner -version 3 -port 57242 -testLoaderClass org.eclipse.jdt.internal.junit5.runner.JUnit5TestLoader -loaderpluginname org.eclipse.jdt.junit5.runtime -classNames dmacc.SpringLibrarySystemApplicationTests
java_class_path (initial): C:\Users\Kalpana Prajapati\Documents\GitHub\SpringJPAJoin\target\test-classes;C:\Users\Kalpana Prajapati\Documents\GitHub\SpringJPAJoin\target\classes;C:\Users\Kalpana Prajapati\.m2\repository\org\springframework\boot\spring-boot-starter-data-jpa\2.2.6.RELEASE\spring-boot-starter-data-jpa-2.2.6.RELEASE.jar;C:\Users\Kalpana Prajapati\.m2\repository\org\springframework\boot\spring-boot-starter-aop\2.2.6.RELEASE\spring-boot-starter-aop-2.2.6.RELEASE.jar;C:\Users\Kalpana Prajapati\.m2\repository\org\springframework\spring-aop\5.2.5.RELEASE\spring-aop-5.2.5.RELEASE.jar;C:\Users\Kalpana Prajapati\.m2\repository\org\aspectj\aspectjweaver\1.9.5\aspectjweaver-1.9.5.jar;C:\Users\Kalpana Prajapati\.m2\repository\org\springframework\boot\spring-boot-starter-jdbc\2.2.6.RELEASE\spring-boot-starter-jdbc-2.2.6.RELEASE.jar;C:\Users\Kalpana Prajapati\.m2\repository\com\zaxxer\HikariCP\3.4.2\HikariCP-3.4.2.jar;C:\Users\Kalpana Prajapati\.m2\repository\org\springframework\spring-jdbc\5.2.5.RELEASE\spring-jdbc-5.2.5.RELEASE.jar;C:\Users\Kalpana Prajapati\.m2\repository\jakarta\activation\jakarta.activation-api\1.2.2\jakarta.activation-api-1.2.2.jar;C:\Users\Kalpana Prajapati\.m2\repository\jakarta\persistence\jakarta.persistence-api\2.2.3\jakarta.persistence-api-2.2.3.jar;C:\Users\Kalpana Prajapati\.m2\repository\jakarta\transaction\jakarta.transaction-api\1.3.3\jakarta.transaction-api-1.3.3.jar;C:\Users\Kalpana Prajapati\.m2\repository\org\hibernate\hibernate-core\5.4.12.Final\hibernate-core-5.4.12.Final.jar;C:\Users\Kalpana Prajapati\.m2\repository\org\jboss\logging\jboss-logging\3.4.1.Final\jboss-logging-3.4.1.Final.jar;C:\Users\Kalpana Prajapati\.m2\repository\org\javassist\javassist\3.24.0-GA\javassist-3.24.0-GA.jar;C:\Users\Kalpana Prajapati\.m2\repository\net\bytebuddy\byte-buddy\1.10.8\byte-buddy-1.10.8.jar;C:\Users\Kalpana Prajapati\.m2\repository\antlr\antlr\2.7.7\antlr-2.7.7.jar;C:\Users\Kalpana Prajapati\.m2\repository\org\jboss\jandex\2.1.1.Fina
Launcher Type: SUN_STANDARD

Environment Variables:
JAVA_HOME=C:\Program Files\Java\jdk1.8.0_101
PATH=C:/Program Files/Java/jdk1.8.0_241/bin/../jre/bin/server;C:/Program Files/Java/jdk1.8.0_241/bin/../jre/bin;C:/Program Files/Java/jdk1.8.0_241/bin/../jre/lib/amd64;C:\Program Files (x86)\Common Files\Oracle\Java\javapath;C:\Program Files (x86)\Intel\iCLS Client\;C:\ProgramData\Oracle\Java\javapath;C:\Program Files\Intel\iCLS Client\;C:\WINDOWS\system32;C:\WINDOWS;C:\WINDOWS\System32\Wbem;C:\WINDOWS\System32\WindowsPowerShell\v1.0\;c:\Program Files\Intel\IntelSGXPSW\bin\x64\Release\;c:\Program Files\Intel\IntelSGXPSW\bin\win32\Release\;C:\Program Files\Microsoft\Web Platform Installer\;C:\WINDOWS\system32\config\systemprofile\.dnx\bin;C:\Program Files\Microsoft DNX\Dnvm\;C:\Program Files (x86)\Intel\Intel(R) Management Engine Components\DAL;C:\Program Files\Intel\Intel(R) Management Engine Components\DAL;C:\Program Files (x86)\Intel\Intel(R) Management Engine Components\IPT;C:\Program Files\Intel\Intel(R) Management Engine Components\IPT;C:\Program Files\TortoiseSVN\bin;C:\WINDOWS\System32\OpenSSH\;C:\Program Files\nodejs\;C:\Program Files\Intel\WiFi\bin\;C:\Program Files\Common Files\Intel\WirelessCommon\;C:\Apache-Maven\apache-maven-3.5.4\bin;C:\Program Files\Microsoft VS Code\bin;C:\Users\Kalpana Prajapati\AppData\Local\Microsoft\WindowsApps;C:\Program Files\Microsoft VS Code\bin;C:\Users\Kalpana Prajapati\AppData\Roaming\npm;C:\Users\Kalpana Prajapati\AppData\Local\Microsoft\WindowsApps;C:\Users\Kalpana Prajapati\AppData\Local\GitHubDesktop\bin;C:\Users\Kalpana Prajapati\Desktop;
USERNAME=Kalpana Prajapati
OS=Windows_NT
PROCESSOR_IDENTIFIER=Intel64 Family 6 Model 78 Stepping 3, GenuineIntel



---------------  S Y S T E M  ---------------

OS: Windows 10.0 , 64 bit Build 18362 (10.0.18362.329)

CPU:total 4 (initial active 4) (2 cores per cpu, 2 threads per core) family 6 model 78 stepping 3, cmov, cx8, fxsr, mmx, sse, sse2, sse3, ssse3, sse4.1, sse4.2, popcnt, avx, avx2, aes, clmul, erms, 3dnowpref, lzcnt, ht, tsc, tscinvbit, bmi1, bmi2, adx

Memory: 4k page, physical 8242448k(1783400k free), swap 9266448k(5160k free)

vm_info: Java HotSpot(TM) 64-Bit Server VM (25.241-b07) for windows-amd64 JRE (1.8.0_241-b07), built on Dec 11 2019 10:21:40 by "rejava" with MS VC++ 10.0 (VS2010)

time: Thu Apr 02 23:14:27 2020
timezone: Central Daylight Time
elapsed time: 9 seconds (0d 0h 0m 9s)

