#
# There is insufficient memory for the Java Runtime Environment to continue.
# Native memory allocation (malloc) failed to allocate 2252784 bytes for Chunk::new
# Possible reasons:
#   The system is out of physical RAM or swap space
#   The process is running with CompressedOops enabled, and the Java Heap may be blocking the growth of the native heap
# Possible solutions:
#   Reduce memory load on the system
#   Increase physical memory or swap space
#   Check if swap backing store is full
#   Decrease Java heap size (-Xmx/-Xms)
#   Decrease number of Java threads
#   Decrease Java thread stack sizes (-Xss)
#   Set larger code cache with -XX:ReservedCodeCacheSize=
#   JVM is running with Unscaled Compressed Oops mode in which the Java heap is
#     placed in the first 4GB address space. The Java Heap base address is the
#     maximum limit for the native heap growth. Please use -XX:HeapBaseMinAddress
#     to set the Java Heap base and to place the Java Heap above 4GB virtual address.
# This output file may be truncated or incomplete.
#
#  Out of Memory Error (allocation.cpp:389), pid=2468, tid=0x0000000000002b9c
#
# JRE version: Java(TM) SE Runtime Environment (8.0_241-b07) (build 1.8.0_241-b07)
# Java VM: Java HotSpot(TM) 64-Bit Server VM (25.241-b07 mixed mode windows-amd64 compressed oops)
# Failed to write core dump. Minidumps are not enabled by default on client versions of Windows
#

---------------  T H R E A D  ---------------

Current thread (0x0000000017a70800):  JavaThread "C2 CompilerThread0" daemon [_thread_in_native, id=11164, stack(0x00000000190c0000,0x00000000191c0000)]

Stack: [0x00000000190c0000,0x00000000191c0000]
[error occurred during error reporting (printing stack bounds), id 0xc0000005]

Native frames: (J=compiled Java code, j=interpreted, Vv=VM code, C=native code)


Current CompileTask:
C2:   8304 3962   !   4       org.springframework.core.annotation.AnnotationsScanner::processMethodHierarchy (286 bytes)


---------------  P R O C E S S  ---------------

Java Threads: ( => current thread )
  0x00000000194c9800 JavaThread "HikariPool-1 connection adder" daemon [_thread_blocked, id=1328, stack(0x00000000216a0000,0x00000000217a0000)]
  0x000000001df48000 JavaThread "HikariPool-1 housekeeper" daemon [_thread_blocked, id=11032, stack(0x000000001cdd0000,0x000000001ced0000)]
  0x000000001e054800 JavaThread "mysql-cj-abandoned-connection-cleanup" daemon [_thread_blocked, id=14228, stack(0x000000001b9d0000,0x000000001bad0000)]
  0x0000000019ed5000 JavaThread "ReaderThread" [_thread_in_native, id=12044, stack(0x000000001a1c0000,0x000000001a2c0000)]
  0x00000000193f0800 JavaThread "Service Thread" daemon [_thread_blocked, id=3100, stack(0x00000000197c0000,0x00000000198c0000)]
  0x0000000017a81800 JavaThread "C1 CompilerThread2" daemon [_thread_blocked, id=5968, stack(0x00000000192c0000,0x00000000193c0000)]
  0x0000000017a7c800 JavaThread "C2 CompilerThread1" daemon [_thread_in_native, id=240, stack(0x00000000191c0000,0x00000000192c0000)]
=>0x0000000017a70800 JavaThread "C2 CompilerThread0" daemon [_thread_in_native, id=11164, stack(0x00000000190c0000,0x00000000191c0000)]
  0x0000000017a6f000 JavaThread "Attach Listener" daemon [_thread_blocked, id=3916, stack(0x0000000018fc0000,0x00000000190c0000)]
  0x0000000017a6b800 JavaThread "Signal Dispatcher" daemon [_thread_blocked, id=12416, stack(0x0000000018ec0000,0x0000000018fc0000)]
  0x0000000002f8b800 JavaThread "Finalizer" daemon [_thread_blocked, id=6004, stack(0x0000000018cc0000,0x0000000018dc0000)]
  0x0000000017a4a800 JavaThread "Reference Handler" daemon [_thread_blocked, id=12264, stack(0x0000000018bc0000,0x0000000018cc0000)]
  0x0000000002e98000 JavaThread "main" [_thread_in_native, id=10320, stack(0x0000000002d70000,0x0000000002e70000)]

Other Threads:
  0x0000000017a26800 VMThread [stack: 0x0000000018ac0000,0x0000000018bc0000] [id=9596]
  0x000000001943a000 WatcherThread [stack: 0x00000000198c0000,0x00000000199c0000] [id=12096]

VM state:not at safepoint (normal execution)

VM Mutex/Monitor currently owned by a thread: None

heap address: 0x0000000082200000, size: 2014 MB, Compressed Oops mode: 32-bit
Narrow klass base: 0x0000000000000000, Narrow klass shift: 3
Compressed class space size: 1073741824 Address: 0x0000000100000000

Heap:
 PSYoungGen      total 185856K, used 59935K [0x00000000d6100000, 0x00000000e5a80000, 0x0000000100000000)
  eden space 174592K, 27% used [0x00000000d6100000,0x00000000d908a2e0,0x00000000e0b80000)
  from space 11264K, 99% used [0x00000000e0b80000,0x00000000e167da40,0x00000000e1680000)
  to   space 16384K, 0% used [0x00000000e4a80000,0x00000000e4a80000,0x00000000e5a80000)
 ParOldGen       total 81408K, used 22590K [0x0000000082200000, 0x0000000087180000, 0x00000000d6100000)
  object space 81408K, 27% used [0x0000000082200000,0x000000008380fa88,0x0000000087180000)
 Metaspace       used 51600K, capacity 54634K, committed 55000K, reserved 1095680K
  class space    used 7300K, capacity 7812K, committed 7936K, reserved 1048576K

Card table byte_map: [0x0000000012350000,0x0000000012740000] byte_map_base: 0x0000000011f3f000

Marking Bits: (ParMarkBitMap*) 0x00000000741fbe30
 Begin Bits: [0x0000000012de0000, 0x0000000014d58000)
 End Bits:   [0x0000000014d58000, 0x0000000016cd0000)

Polling page: 0x0000000000ff0000

CodeCache: size=245760Kb used=14414Kb max_used=14414Kb free=231345Kb
 bounds [0x0000000002f90000, 0x0000000003db0000, 0x0000000011f90000]
 total_blobs=4633 nmethods=4106 adapters=439
 compilation: enabled

Compilation events (10 events):
Event: 8.252 Thread 0x0000000017a81800 nmethod 4143 0x0000000003da5cd0 code [0x0000000003da5ee0, 0x0000000003da6af8]
Event: 8.261 Thread 0x0000000017a81800 4144       2       sun.reflect.generics.tree.Wildcard::accept (8 bytes)
Event: 8.262 Thread 0x0000000017a81800 nmethod 4144 0x0000000003da7350 code [0x0000000003da74c0, 0x0000000003da7790]
Event: 8.262 Thread 0x0000000017a81800 4145       2       sun.reflect.generics.visitor.Reifier::visitWildcard (22 bytes)
Event: 8.263 Thread 0x0000000017a81800 nmethod 4145 0x0000000003da7990 code [0x0000000003da7b00, 0x0000000003da7d90]
Event: 8.272 Thread 0x0000000017a81800 4146       2       com.fasterxml.jackson.databind.type.ClassKey::<init> (29 bytes)
Event: 8.272 Thread 0x0000000017a81800 nmethod 4146 0x0000000003da7f50 code [0x0000000003da80c0, 0x0000000003da82d8]
Event: 8.274 Thread 0x0000000017a81800 4147       2       org.springframework.util.ClassUtils::isAssignableValue (34 bytes)
Event: 8.274 Thread 0x0000000017a81800 nmethod 4147 0x0000000003da8410 code [0x0000000003da85a0, 0x0000000003da8808]
Event: 8.290 Thread 0x0000000017a81800 4148   !   2       java.util.jar.Attributes::read (380 bytes)

GC Heap History (10 events):
Event: 2.589 GC heap before
{Heap before GC invocations=7 (full 1):
 PSYoungGen      total 70656K, used 65536K [0x00000000d6100000, 0x00000000df100000, 0x0000000100000000)
  eden space 65536K, 100% used [0x00000000d6100000,0x00000000da100000,0x00000000da100000)
  from space 5120K, 0% used [0x00000000da100000,0x00000000da100000,0x00000000da600000)
  to   space 8192K, 0% used [0x00000000de900000,0x00000000de900000,0x00000000df100000)
 ParOldGen       total 52224K, used 6488K [0x0000000082200000, 0x0000000085500000, 0x00000000d6100000)
  object space 52224K, 12% used [0x0000000082200000,0x00000000828561d8,0x0000000085500000)
 Metaspace       used 22917K, capacity 24256K, committed 24320K, reserved 1071104K
  class space    used 3044K, capacity 3309K, committed 3328K, reserved 1048576K
Event: 2.595 GC heap after
Heap after GC invocations=7 (full 1):
 PSYoungGen      total 112640K, used 3687K [0x00000000d6100000, 0x00000000ded00000, 0x0000000100000000)
  eden space 108544K, 0% used [0x00000000d6100000,0x00000000d6100000,0x00000000dcb00000)
  from space 4096K, 90% used [0x00000000de900000,0x00000000dec99da8,0x00000000ded00000)
  to   space 8192K, 0% used [0x00000000ddd00000,0x00000000ddd00000,0x00000000de500000)
 ParOldGen       total 52224K, used 6488K [0x0000000082200000, 0x0000000085500000, 0x00000000d6100000)
  object space 52224K, 12% used [0x0000000082200000,0x00000000828561d8,0x0000000085500000)
 Metaspace       used 22917K, capacity 24256K, committed 24320K, reserved 1071104K
  class space    used 3044K, capacity 3309K, committed 3328K, reserved 1048576K
}
Event: 4.091 GC heap before
{Heap before GC invocations=8 (full 1):
 PSYoungGen      total 112640K, used 112231K [0x00000000d6100000, 0x00000000ded00000, 0x0000000100000000)
  eden space 108544K, 100% used [0x00000000d6100000,0x00000000dcb00000,0x00000000dcb00000)
  from space 4096K, 90% used [0x00000000de900000,0x00000000dec99da8,0x00000000ded00000)
  to   space 8192K, 0% used [0x00000000ddd00000,0x00000000ddd00000,0x00000000de500000)
 ParOldGen       total 52224K, used 6488K [0x0000000082200000, 0x0000000085500000, 0x00000000d6100000)
  object space 52224K, 12% used [0x0000000082200000,0x00000000828561d8,0x0000000085500000)
 Metaspace       used 29207K, capacity 31008K, committed 31232K, reserved 1077248K
  class space    used 3913K, capacity 4271K, committed 4352K, reserved 1048576K
Event: 4.108 GC heap after
Heap after GC invocations=8 (full 1):
 PSYoungGen      total 135168K, used 8161K [0x00000000d6100000, 0x00000000e2080000, 0x0000000100000000)
  eden space 126976K, 0% used [0x00000000d6100000,0x00000000d6100000,0x00000000ddd00000)
  from space 8192K, 99% used [0x00000000ddd00000,0x00000000de4f87a0,0x00000000de500000)
  to   space 10240K, 0% used [0x00000000e1680000,0x00000000e1680000,0x00000000e2080000)
 ParOldGen       total 52224K, used 8631K [0x0000000082200000, 0x0000000085500000, 0x00000000d6100000)
  object space 52224K, 16% used [0x0000000082200000,0x0000000082a6dd10,0x0000000085500000)
 Metaspace       used 29207K, capacity 31008K, committed 31232K, reserved 1077248K
  class space    used 3913K, capacity 4271K, committed 4352K, reserved 1048576K
}
Event: 4.968 GC heap before
{Heap before GC invocations=9 (full 1):
 PSYoungGen      total 135168K, used 71836K [0x00000000d6100000, 0x00000000e2080000, 0x0000000100000000)
  eden space 126976K, 50% used [0x00000000d6100000,0x00000000d9f2e9a0,0x00000000ddd00000)
  from space 8192K, 99% used [0x00000000ddd00000,0x00000000de4f87a0,0x00000000de500000)
  to   space 10240K, 0% used [0x00000000e1680000,0x00000000e1680000,0x00000000e2080000)
 ParOldGen       total 52224K, used 8631K [0x0000000082200000, 0x0000000085500000, 0x00000000d6100000)
  object space 52224K, 16% used [0x0000000082200000,0x0000000082a6dd10,0x0000000085500000)
 Metaspace       used 33377K, capacity 35298K, committed 35416K, reserved 1079296K
  class space    used 4529K, capacity 4902K, committed 4992K, reserved 1048576K
Event: 4.981 GC heap after
Heap after GC invocations=9 (full 1):
 PSYoungGen      total 184832K, used 8971K [0x00000000d6100000, 0x00000000e3c80000, 0x0000000100000000)
  eden space 174592K, 0% used [0x00000000d6100000,0x00000000d6100000,0x00000000e0b80000)
  from space 10240K, 87% used [0x00000000e1680000,0x00000000e1f42cc0,0x00000000e2080000)
  to   space 11264K, 0% used [0x00000000e0b80000,0x00000000e0b80000,0x00000000e1680000)
 ParOldGen       total 52224K, used 8639K [0x0000000082200000, 0x0000000085500000, 0x00000000d6100000)
  object space 52224K, 16% used [0x0000000082200000,0x0000000082a6fd10,0x0000000085500000)
 Metaspace       used 33377K, capacity 35298K, committed 35416K, reserved 1079296K
  class space    used 4529K, capacity 4902K, committed 4992K, reserved 1048576K
}
Event: 4.981 GC heap before
{Heap before GC invocations=10 (full 2):
 PSYoungGen      total 184832K, used 8971K [0x00000000d6100000, 0x00000000e3c80000, 0x0000000100000000)
  eden space 174592K, 0% used [0x00000000d6100000,0x00000000d6100000,0x00000000e0b80000)
  from space 10240K, 87% used [0x00000000e1680000,0x00000000e1f42cc0,0x00000000e2080000)
  to   space 11264K, 0% used [0x00000000e0b80000,0x00000000e0b80000,0x00000000e1680000)
 ParOldGen       total 52224K, used 8639K [0x0000000082200000, 0x0000000085500000, 0x00000000d6100000)
  object space 52224K, 16% used [0x0000000082200000,0x0000000082a6fd10,0x0000000085500000)
 Metaspace       used 33377K, capacity 35298K, committed 35416K, reserved 1079296K
  class space    used 4529K, capacity 4902K, committed 4992K, reserved 1048576K
Event: 5.060 GC heap after
Heap after GC invocations=10 (full 2):
 PSYoungGen      total 184832K, used 0K [0x00000000d6100000, 0x00000000e3c80000, 0x0000000100000000)
  eden space 174592K, 0% used [0x00000000d6100000,0x00000000d6100000,0x00000000e0b80000)
  from space 10240K, 0% used [0x00000000e1680000,0x00000000e1680000,0x00000000e2080000)
  to   space 11264K, 0% used [0x00000000e0b80000,0x00000000e0b80000,0x00000000e1680000)
 ParOldGen       total 81408K, used 13351K [0x0000000082200000, 0x0000000087180000, 0x00000000d6100000)
  object space 81408K, 16% used [0x0000000082200000,0x0000000082f09fe0,0x0000000087180000)
 Metaspace       used 33377K, capacity 35298K, committed 35416K, reserved 1079296K
  class space    used 4529K, capacity 4902K, committed 4992K, reserved 1048576K
}
Event: 7.788 GC heap before
{Heap before GC invocations=11 (full 2):
 PSYoungGen      total 184832K, used 174592K [0x00000000d6100000, 0x00000000e3c80000, 0x0000000100000000)
  eden space 174592K, 100% used [0x00000000d6100000,0x00000000e0b80000,0x00000000e0b80000)
  from space 10240K, 0% used [0x00000000e1680000,0x00000000e1680000,0x00000000e2080000)
  to   space 11264K, 0% used [0x00000000e0b80000,0x00000000e0b80000,0x00000000e1680000)
 ParOldGen       total 81408K, used 13351K [0x0000000082200000, 0x0000000087180000, 0x00000000d6100000)
  object space 81408K, 16% used [0x0000000082200000,0x0000000082f09fe0,0x0000000087180000)
 Metaspace       used 50816K, capacity 53776K, committed 54104K, reserved 1095680K
  class space    used 7190K, capacity 7691K, committed 7808K, reserved 1048576K
Event: 7.813 GC heap after
Heap after GC invocations=11 (full 2):
 PSYoungGen      total 185856K, used 11254K [0x00000000d6100000, 0x00000000e5a80000, 0x0000000100000000)
  eden space 174592K, 0% used [0x00000000d6100000,0x00000000d6100000,0x00000000e0b80000)
  from space 11264K, 99% used [0x00000000e0b80000,0x00000000e167da40,0x00000000e1680000)
  to   space 16384K, 0% used [0x00000000e4a80000,0x00000000e4a80000,0x00000000e5a80000)
 ParOldGen       total 81408K, used 22590K [0x0000000082200000, 0x0000000087180000, 0x00000000d6100000)
  object space 81408K, 27% used [0x0000000082200000,0x000000008380fa88,0x0000000087180000)
 Metaspace       used 50816K, capacity 53776K, committed 54104K, reserved 1095680K
  class space    used 7190K, capacity 7691K, committed 7808K, reserved 1048576K
}

Deoptimization events (10 events):
Event: 7.557 Thread 0x0000000002e98000 Uncommon trap: reason=unstable_if action=reinterpret pc=0x0000000003aad070 method=java.util.Properties$LineReader.readLine()I @ 252
Event: 7.558 Thread 0x0000000002e98000 Uncommon trap: reason=unstable_if action=reinterpret pc=0x000000000357aa50 method=java.util.Properties$LineReader.readLine()I @ 252
Event: 7.562 Thread 0x0000000002e98000 Uncommon trap: reason=unstable_if action=reinterpret pc=0x00000000034e239c method=java.io.WinNTFileSystem.isLetter(C)Z @ 3
Event: 7.566 Thread 0x0000000002e98000 Uncommon trap: reason=unstable_if action=reinterpret pc=0x0000000003b6df60 method=java.io.WinNTFileSystem.resolve(Ljava/lang/String;Ljava/lang/String;)Ljava/lang/String; @ 117
Event: 7.626 Thread 0x0000000002e98000 Uncommon trap: reason=unstable_if action=reinterpret pc=0x0000000003c7c58c method=org.springframework.core.annotation.TypeMappedAnnotations$MergedAnnotationFinder.doWithAnnotations(Ljava/lang/Object;ILjava/lang/Object;[Ljava/lang/annotation/Annotation;)Lo
Event: 7.746 Thread 0x0000000002e98000 Uncommon trap: reason=unstable_if action=reinterpret pc=0x0000000003969608 method=org.springframework.core.ResolvableType.resolveClass()Ljava/lang/Class; @ 37
Event: 7.955 Thread 0x0000000002e98000 Uncommon trap: reason=unstable_if action=reinterpret pc=0x0000000003d37528 method=org.springframework.core.annotation.AnnotationsScanner.processClassInheritedAnnotations(Ljava/lang/Object;Ljava/lang/Class;Lorg/springframework/core/annotation/MergedAnnotat
Event: 8.140 Thread 0x0000000002e98000 Uncommon trap: reason=unstable_if action=reinterpret pc=0x0000000003d1892c method=org.springframework.beans.factory.support.AbstractBeanFactory.isTypeMatch(Ljava/lang/String;Lorg/springframework/core/ResolvableType;Z)Z @ 559
Event: 8.166 Thread 0x0000000002e98000 Uncommon trap: reason=range_check action=make_not_entrant pc=0x0000000003a899ac method=java.util.zip.ZipUtils.get16([BI)I @ 10
Event: 8.246 Thread 0x0000000002e98000 Uncommon trap: reason=unstable_if action=reinterpret pc=0x0000000003a22cd8 method=java.util.concurrent.ConcurrentHashMap.putVal(Ljava/lang/Object;Ljava/lang/Object;Z)Ljava/lang/Object; @ 331

Classes redefined (0 events):
No events

Internal exceptions (10 events):
Event: 8.255 Thread 0x0000000002e98000 Exception <a 'java/lang/ClassNotFoundException': org/springframework/http/converter/AbstractHttpMessageConverterCustomizer> (0x00000000d8ae9a50) thrown at [C:\ade\jenkins\workspace\8-2-build-windows-amd64-cygwin\jdk8u241\331\hotspot\src\share\vm\classfile
Event: 8.256 Thread 0x0000000002e98000 Exception <a 'java/lang/ClassNotFoundException': org/springframework/http/converter/AbstractGenericHttpMessageConverterCustomizer> (0x00000000d8b1df18) thrown at [C:\ade\jenkins\workspace\8-2-build-windows-amd64-cygwin\jdk8u241\331\hotspot\src\share\vm\cl
Event: 8.258 Thread 0x0000000002e98000 Exception <a 'java/lang/ClassNotFoundException': org/springframework/http/converter/json/AbstractJackson2HttpMessageConverterCustomizer> (0x00000000d8b53070) thrown at [C:\ade\jenkins\workspace\8-2-build-windows-amd64-cygwin\jdk8u241\331\hotspot\src\share
Event: 8.260 Thread 0x0000000002e98000 Exception <a 'java/lang/ClassNotFoundException': org/springframework/http/converter/json/MappingJackson2HttpMessageConverterCustomizer> (0x00000000d8b8e858) thrown at [C:\ade\jenkins\workspace\8-2-build-windows-amd64-cygwin\jdk8u241\331\hotspot\src\share\
Event: 8.261 Thread 0x0000000002e98000 Exception <a 'java/lang/ClassNotFoundException': org/springframework/http/converter/GenericHttpMessageConverterCustomizer> (0x00000000d8bc0e68) thrown at [C:\ade\jenkins\workspace\8-2-build-windows-amd64-cygwin\jdk8u241\331\hotspot\src\share\vm\classfile\
Event: 8.263 Thread 0x0000000002e98000 Exception <a 'java/lang/ClassNotFoundException': org/springframework/http/converter/HttpMessageConverterCustomizer> (0x00000000d8bed660) thrown at [C:\ade\jenkins\workspace\8-2-build-windows-amd64-cygwin\jdk8u241\331\hotspot\src\share\vm\classfile\systemD
Event: 8.264 Thread 0x0000000002e98000 Exception <a 'java/lang/ClassNotFoundException': org/springframework/http/converter/HttpMessageConverterCustomizer> (0x00000000d8c16bc0) thrown at [C:\ade\jenkins\workspace\8-2-build-windows-amd64-cygwin\jdk8u241\331\hotspot\src\share\vm\classfile\systemD
Event: 8.275 Thread 0x0000000002e98000 Exception <a 'java/lang/ClassNotFoundException': java/lang/ObjectCustomizer> (0x00000000d8cd7a40) thrown at [C:\ade\jenkins\workspace\8-2-build-windows-amd64-cygwin\jdk8u241\331\hotspot\src\share\vm\classfile\systemDictionary.cpp, line 210]
Event: 8.276 Thread 0x0000000002e98000 Exception <a 'java/lang/ClassNotFoundException': org/springframework/boot/autoconfigure/http/HttpMessageConvertersCustomizer> (0x00000000d8d036a0) thrown at [C:\ade\jenkins\workspace\8-2-build-windows-amd64-cygwin\jdk8u241\331\hotspot\src\share\vm\classfi
Event: 8.277 Thread 0x0000000002e98000 Exception <a 'java/lang/ClassNotFoundException': java/lang/IterableCustomizer> (0x00000000d8d18260) thrown at [C:\ade\jenkins\workspace\8-2-build-windows-amd64-cygwin\jdk8u241\331\hotspot\src\share\vm\classfile\systemDictionary.cpp, line 210]

Events (10 events):
Event: 8.290 loading class com/jayway/jsonpath/spi/mapper/JsonSmartMappingProvider$LongReader
Event: 8.290 loading class com/jayway/jsonpath/spi/mapper/JsonSmartMappingProvider$LongReader done
Event: 8.291 loading class com/jayway/jsonpath/spi/mapper/JsonSmartMappingProvider$IntegerReader
Event: 8.291 loading class com/jayway/jsonpath/spi/mapper/JsonSmartMappingProvider$IntegerReader done
Event: 8.291 loading class com/jayway/jsonpath/spi/mapper/JsonSmartMappingProvider$DoubleReader
Event: 8.291 loading class com/jayway/jsonpath/spi/mapper/JsonSmartMappingProvider$DoubleReader done
Event: 8.292 loading class com/jayway/jsonpath/spi/mapper/JsonSmartMappingProvider$FloatReader
Event: 8.292 loading class com/jayway/jsonpath/spi/mapper/JsonSmartMappingProvider$FloatReader done
Event: 8.292 loading class com/jayway/jsonpath/spi/mapper/JsonSmartMappingProvider$BigDecimalReader
Event: 8.292 loading class com/jayway/jsonpath/spi/mapper/JsonSmartMappingProvider$BigDecimalReader done


Dynamic libraries:
0x00007ff737b70000 - 0x00007ff737ba7000 	C:\Program Files\Java\jdk1.8.0_241\bin\javaw.exe
0x00007ffec8120000 - 0x00007ffec8310000 	C:\WINDOWS\SYSTEM32\ntdll.dll
0x00007ffec6c50000 - 0x00007ffec6d02000 	C:\WINDOWS\System32\KERNEL32.DLL
0x00007ffec5ca0000 - 0x00007ffec5f43000 	C:\WINDOWS\System32\KERNELBASE.dll
0x00007ffec67b0000 - 0x00007ffec6853000 	C:\WINDOWS\System32\ADVAPI32.dll
0x00007ffec7460000 - 0x00007ffec74fe000 	C:\WINDOWS\System32\msvcrt.dll
0x00007ffec66f0000 - 0x00007ffec6787000 	C:\WINDOWS\System32\sechost.dll
0x00007ffec7d70000 - 0x00007ffec7e90000 	C:\WINDOWS\System32\RPCRT4.dll
0x00007ffec76b0000 - 0x00007ffec7844000 	C:\WINDOWS\System32\USER32.dll
0x00007ffec5f50000 - 0x00007ffec5f71000 	C:\WINDOWS\System32\win32u.dll
0x00007ffec6a40000 - 0x00007ffec6a66000 	C:\WINDOWS\System32\GDI32.dll
0x00007ffec50b0000 - 0x00007ffec5244000 	C:\WINDOWS\System32\gdi32full.dll
0x00007ffec60d0000 - 0x00007ffec616e000 	C:\WINDOWS\System32\msvcp_win.dll
0x00007ffec5f80000 - 0x00007ffec607a000 	C:\WINDOWS\System32\ucrtbase.dll
0x00007ffea91f0000 - 0x00007ffea9475000 	C:\WINDOWS\WinSxS\amd64_microsoft.windows.common-controls_6595b64144ccf1df_6.0.18362.720_none_e6beb5c51314836b\COMCTL32.dll
0x00007ffec7850000 - 0x00007ffec7b86000 	C:\WINDOWS\System32\combase.dll
0x00007ffec5a80000 - 0x00007ffec5b00000 	C:\WINDOWS\System32\bcryptPrimitives.dll
0x00007ffec7b90000 - 0x00007ffec7bbe000 	C:\WINDOWS\System32\IMM32.DLL
0x0000000074570000 - 0x0000000074642000 	C:\Program Files\Java\jdk1.8.0_241\jre\bin\msvcr100.dll
0x00000000739d0000 - 0x000000007427c000 	C:\Program Files\Java\jdk1.8.0_241\jre\bin\server\jvm.dll
0x00007ffec6a30000 - 0x00007ffec6a38000 	C:\WINDOWS\System32\PSAPI.DLL
0x00007ffec1470000 - 0x00007ffec1494000 	C:\WINDOWS\SYSTEM32\WINMM.dll
0x00007ffebb410000 - 0x00007ffebb41a000 	C:\WINDOWS\SYSTEM32\VERSION.dll
0x00007ffec3b10000 - 0x00007ffec3b19000 	C:\WINDOWS\SYSTEM32\WSOCK32.dll
0x00007ffec7500000 - 0x00007ffec756f000 	C:\WINDOWS\System32\WS2_32.dll
0x00007ffebfe10000 - 0x00007ffebfe3d000 	C:\WINDOWS\SYSTEM32\winmmbase.dll
0x00007ffec5c50000 - 0x00007ffec5c9a000 	C:\WINDOWS\System32\cfgmgr32.dll
0x00007ffebbd70000 - 0x00007ffebbd7f000 	C:\Program Files\Java\jdk1.8.0_241\jre\bin\verify.dll
0x00007ffe97ea0000 - 0x00007ffe97ec9000 	C:\Program Files\Java\jdk1.8.0_241\jre\bin\java.dll
0x00007ffebbcf0000 - 0x00007ffebbd06000 	C:\Program Files\Java\jdk1.8.0_241\jre\bin\zip.dll
0x00007ffec6d10000 - 0x00007ffec73f5000 	C:\WINDOWS\System32\SHELL32.dll
0x00007ffec61d0000 - 0x00007ffec6279000 	C:\WINDOWS\System32\shcore.dll
0x00007ffec5250000 - 0x00007ffec59d0000 	C:\WINDOWS\System32\windows.storage.dll
0x00007ffec5010000 - 0x00007ffec5033000 	C:\WINDOWS\System32\profapi.dll
0x00007ffec5060000 - 0x00007ffec50aa000 	C:\WINDOWS\System32\powrprof.dll
0x00007ffec4fe0000 - 0x00007ffec4ff0000 	C:\WINDOWS\System32\UMPDC.dll
0x00007ffec8080000 - 0x00007ffec80d2000 	C:\WINDOWS\System32\shlwapi.dll
0x00007ffec5040000 - 0x00007ffec5051000 	C:\WINDOWS\System32\kernel.appcore.dll
0x00007ffec60b0000 - 0x00007ffec60c7000 	C:\WINDOWS\System32\cryptsp.dll
0x00007ffebbbd0000 - 0x00007ffebbbea000 	C:\Program Files\Java\jdk1.8.0_241\jre\bin\net.dll
0x00007ffec47f0000 - 0x00007ffec4857000 	C:\WINDOWS\system32\mswsock.dll
0x00007ffea44f0000 - 0x00007ffea4502000 	C:\Program Files\Java\jdk1.8.0_241\jre\bin\nio.dll
0x00007ffebaa70000 - 0x00007ffebaa7d000 	C:\Program Files\Java\jdk1.8.0_241\jre\bin\management.dll
0x00007ffeabd30000 - 0x00007ffeabd46000 	C:\WINDOWS\system32\napinsp.dll
0x00007ffeabd10000 - 0x00007ffeabd2a000 	C:\WINDOWS\system32\pnrpnsp.dll
0x00007ffec4550000 - 0x00007ffec461a000 	C:\WINDOWS\SYSTEM32\DNSAPI.dll
0x00007ffec7fc0000 - 0x00007ffec7fc8000 	C:\WINDOWS\System32\NSI.dll
0x00007ffec4500000 - 0x00007ffec453a000 	C:\WINDOWS\SYSTEM32\IPHLPAPI.DLL
0x00007ffeabd00000 - 0x00007ffeabd0e000 	C:\WINDOWS\System32\winrnr.dll
0x00007ffec1990000 - 0x00007ffec19ac000 	C:\WINDOWS\system32\NLAapi.dll
0x00007ffec19b0000 - 0x00007ffec19c5000 	C:\WINDOWS\system32\wshbth.dll
0x00007ffebbdf0000 - 0x00007ffebbdfa000 	C:\Windows\System32\rasadhlp.dll
0x00007ffebc8f0000 - 0x00007ffebc967000 	C:\WINDOWS\System32\fwpuclnt.dll
0x00007ffec6080000 - 0x00007ffec60a6000 	C:\WINDOWS\System32\bcrypt.dll
0x00007ffec4360000 - 0x00007ffec4393000 	C:\WINDOWS\system32\rsaenh.dll
0x00007ffec4ed0000 - 0x00007ffec4ef5000 	C:\WINDOWS\SYSTEM32\USERENV.dll
0x00007ffec49c0000 - 0x00007ffec49cc000 	C:\WINDOWS\SYSTEM32\CRYPTBASE.dll
0x00007ffebcb80000 - 0x00007ffebcb96000 	C:\WINDOWS\SYSTEM32\dhcpcsvc6.DLL
0x00007ffebcaf0000 - 0x00007ffebcb0c000 	C:\WINDOWS\SYSTEM32\dhcpcsvc.DLL

VM Arguments:
jvm_args: -ea -Dfile.encoding=UTF-8 
java_command: org.eclipse.jdt.internal.junit.runner.RemoteTestRunner -version 3 -port 57267 -testLoaderClass org.eclipse.jdt.internal.junit5.runner.JUnit5TestLoader -loaderpluginname org.eclipse.jdt.junit5.runtime -test dmacc.SpringLibrarySystemApplicationTests:testJoin
java_class_path (initial): C:\Users\Kalpana Prajapati\Documents\GitHub\SpringJPAJoin\target\test-classes;C:\Users\Kalpana Prajapati\Documents\GitHub\SpringJPAJoin\target\classes;C:\Users\Kalpana Prajapati\.m2\repository\org\springframework\boot\spring-boot-starter-data-jpa\2.2.6.RELEASE\spring-boot-starter-data-jpa-2.2.6.RELEASE.jar;C:\Users\Kalpana Prajapati\.m2\repository\org\springframework\boot\spring-boot-starter-aop\2.2.6.RELEASE\spring-boot-starter-aop-2.2.6.RELEASE.jar;C:\Users\Kalpana Prajapati\.m2\repository\org\springframework\spring-aop\5.2.5.RELEASE\spring-aop-5.2.5.RELEASE.jar;C:\Users\Kalpana Prajapati\.m2\repository\org\aspectj\aspectjweaver\1.9.5\aspectjweaver-1.9.5.jar;C:\Users\Kalpana Prajapati\.m2\repository\org\springframework\boot\spring-boot-starter-jdbc\2.2.6.RELEASE\spring-boot-starter-jdbc-2.2.6.RELEASE.jar;C:\Users\Kalpana Prajapati\.m2\repository\com\zaxxer\HikariCP\3.4.2\HikariCP-3.4.2.jar;C:\Users\Kalpana Prajapati\.m2\repository\org\springframework\spring-jdbc\5.2.5.RELEASE\spring-jdbc-5.2.5.RELEASE.jar;C:\Users\Kalpana Prajapati\.m2\repository\jakarta\activation\jakarta.activation-api\1.2.2\jakarta.activation-api-1.2.2.jar;C:\Users\Kalpana Prajapati\.m2\repository\jakarta\persistence\jakarta.persistence-api\2.2.3\jakarta.persistence-api-2.2.3.jar;C:\Users\Kalpana Prajapati\.m2\repository\jakarta\transaction\jakarta.transaction-api\1.3.3\jakarta.transaction-api-1.3.3.jar;C:\Users\Kalpana Prajapati\.m2\repository\org\hibernate\hibernate-core\5.4.12.Final\hibernate-core-5.4.12.Final.jar;C:\Users\Kalpana Prajapati\.m2\repository\org\jboss\logging\jboss-logging\3.4.1.Final\jboss-logging-3.4.1.Final.jar;C:\Users\Kalpana Prajapati\.m2\repository\org\javassist\javassist\3.24.0-GA\javassist-3.24.0-GA.jar;C:\Users\Kalpana Prajapati\.m2\repository\net\bytebuddy\byte-buddy\1.10.8\byte-buddy-1.10.8.jar;C:\Users\Kalpana Prajapati\.m2\repository\antlr\antlr\2.7.7\antlr-2.7.7.jar;C:\Users\Kalpana Prajapati\.m2\repository\org\jboss\jandex\2.1.1.Fina
Launcher Type: SUN_STANDARD

Environment Variables:
JAVA_HOME=C:\Program Files\Java\jdk1.8.0_101
PATH=C:/Program Files/Java/jdk1.8.0_241/bin/../jre/bin/server;C:/Program Files/Java/jdk1.8.0_241/bin/../jre/bin;C:/Program Files/Java/jdk1.8.0_241/bin/../jre/lib/amd64;C:\Program Files (x86)\Common Files\Oracle\Java\javapath;C:\Program Files (x86)\Intel\iCLS Client\;C:\ProgramData\Oracle\Java\javapath;C:\Program Files\Intel\iCLS Client\;C:\WINDOWS\system32;C:\WINDOWS;C:\WINDOWS\System32\Wbem;C:\WINDOWS\System32\WindowsPowerShell\v1.0\;c:\Program Files\Intel\IntelSGXPSW\bin\x64\Release\;c:\Program Files\Intel\IntelSGXPSW\bin\win32\Release\;C:\Program Files\Microsoft\Web Platform Installer\;C:\WINDOWS\system32\config\systemprofile\.dnx\bin;C:\Program Files\Microsoft DNX\Dnvm\;C:\Program Files (x86)\Intel\Intel(R) Management Engine Components\DAL;C:\Program Files\Intel\Intel(R) Management Engine Components\DAL;C:\Program Files (x86)\Intel\Intel(R) Management Engine Components\IPT;C:\Program Files\Intel\Intel(R) Management Engine Components\IPT;C:\Program Files\TortoiseSVN\bin;C:\WINDOWS\System32\OpenSSH\;C:\Program Files\nodejs\;C:\Program Files\Intel\WiFi\bin\;C:\Program Files\Common Files\Intel\WirelessCommon\;C:\Apache-Maven\apache-maven-3.5.4\bin;C:\Program Files\Microsoft VS Code\bin;C:\Users\Kalpana Prajapati\AppData\Local\Microsoft\WindowsApps;C:\Program Files\Microsoft VS Code\bin;C:\Users\Kalpana Prajapati\AppData\Roaming\npm;C:\Users\Kalpana Prajapati\AppData\Local\Microsoft\WindowsApps;C:\Users\Kalpana Prajapati\AppData\Local\GitHubDesktop\bin;C:\Users\Kalpana Prajapati\Desktop;
USERNAME=Kalpana Prajapati
OS=Windows_NT
PROCESSOR_IDENTIFIER=Intel64 Family 6 Model 78 Stepping 3, GenuineIntel



---------------  S Y S T E M  ---------------

OS: Windows 10.0 , 64 bit Build 18362 (10.0.18362.329)

CPU:total 4 (initial active 4) (2 cores per cpu, 2 threads per core) family 6 model 78 stepping 3, cmov, cx8, fxsr, mmx, sse, sse2, sse3, ssse3, sse4.1, sse4.2, popcnt, avx, avx2, aes, clmul, erms, 3dnowpref, lzcnt, ht, tsc, tscinvbit, bmi1, bmi2, adx

Memory: 4k page, physical 8242448k(1776536k free), swap 9266448k(6096k free)

vm_info: Java HotSpot(TM) 64-Bit Server VM (25.241-b07) for windows-amd64 JRE (1.8.0_241-b07), built on Dec 11 2019 10:21:40 by "rejava" with MS VC++ 10.0 (VS2010)

time: Thu Apr 02 23:15:12 2020
timezone: Central Daylight Time
elapsed time: 8 seconds (0d 0h 0m 8s)

