#
# There is insufficient memory for the Java Runtime Environment to continue.
# Native memory allocation (malloc) failed to allocate 153312 bytes for Chunk::new
# Possible reasons:
#   The system is out of physical RAM or swap space
#   The process is running with CompressedOops enabled, and the Java Heap may be blocking the growth of the native heap
# Possible solutions:
#   Reduce memory load on the system
#   Increase physical memory or swap space
#   Check if swap backing store is full
#   Decrease Java heap size (-Xmx/-Xms)
#   Decrease number of Java threads
#   Decrease Java thread stack sizes (-Xss)
#   Set larger code cache with -XX:ReservedCodeCacheSize=
#   JVM is running with Unscaled Compressed Oops mode in which the Java heap is
#     placed in the first 4GB address space. The Java Heap base address is the
#     maximum limit for the native heap growth. Please use -XX:HeapBaseMinAddress
#     to set the Java Heap base and to place the Java Heap above 4GB virtual address.
# This output file may be truncated or incomplete.
#
#  Out of Memory Error (allocation.cpp:389), pid=10392, tid=0x00000000000024e8
#
# JRE version: Java(TM) SE Runtime Environment (8.0_241-b07) (build 1.8.0_241-b07)
# Java VM: Java HotSpot(TM) 64-Bit Server VM (25.241-b07 mixed mode windows-amd64 compressed oops)
# Failed to write core dump. Minidumps are not enabled by default on client versions of Windows
#

---------------  T H R E A D  ---------------

Current thread (0x000000001751e000):  JavaThread "C2 CompilerThread1" daemon [_thread_in_native, id=9448, stack(0x0000000018c60000,0x0000000018d60000)]

Stack: [0x0000000018c60000,0x0000000018d60000]
[error occurred during error reporting (printing stack bounds), id 0xc0000005]

Native frames: (J=compiled Java code, j=interpreted, Vv=VM code, C=native code)


Current CompileTask:
C2:   9004 3861       4       org.springframework.beans.factory.support.AbstractBeanFactory::isTypeMatch (607 bytes)


---------------  P R O C E S S  ---------------

Java Threads: ( => current thread )
  0x00000000198ff800 JavaThread "HikariPool-1 connection adder" daemon [_thread_blocked, id=1396, stack(0x0000000020140000,0x0000000020240000)]
  0x00000000198fe800 JavaThread "HikariPool-1 housekeeper" daemon [_thread_blocked, id=8352, stack(0x000000001fe40000,0x000000001ff40000)]
  0x00000000198fd000 JavaThread "mysql-cj-abandoned-connection-cleanup" daemon [_thread_blocked, id=10788, stack(0x000000001e380000,0x000000001e480000)]
  0x0000000019920000 JavaThread "ReaderThread" [_thread_in_native, id=7536, stack(0x0000000019c60000,0x0000000019d60000)]
  0x0000000018e99000 JavaThread "Service Thread" daemon [_thread_blocked, id=1112, stack(0x0000000019260000,0x0000000019360000)]
  0x000000001753d800 JavaThread "C1 CompilerThread2" daemon [_thread_blocked, id=3332, stack(0x0000000018d60000,0x0000000018e60000)]
=>0x000000001751e000 JavaThread "C2 CompilerThread1" daemon [_thread_in_native, id=9448, stack(0x0000000018c60000,0x0000000018d60000)]
  0x0000000017511000 JavaThread "C2 CompilerThread0" daemon [_thread_in_native, id=4852, stack(0x0000000018b60000,0x0000000018c60000)]
  0x000000001750f800 JavaThread "Attach Listener" daemon [_thread_blocked, id=900, stack(0x0000000018a60000,0x0000000018b60000)]
  0x000000001750c800 JavaThread "Signal Dispatcher" daemon [_thread_blocked, id=10088, stack(0x0000000018960000,0x0000000018a60000)]
  0x00000000174ed000 JavaThread "Finalizer" daemon [_thread_blocked, id=14252, stack(0x0000000018760000,0x0000000018860000)]
  0x00000000029f8000 JavaThread "Reference Handler" daemon [_thread_blocked, id=13956, stack(0x0000000018660000,0x0000000018760000)]
  0x0000000002908000 JavaThread "main" [_thread_in_Java, id=12496, stack(0x0000000002800000,0x0000000002900000)]

Other Threads:
  0x00000000174c7000 VMThread [stack: 0x0000000018560000,0x0000000018660000] [id=7776]
  0x0000000018edd800 WatcherThread [stack: 0x0000000019360000,0x0000000019460000] [id=10016]

VM state:not at safepoint (normal execution)

VM Mutex/Monitor currently owned by a thread: None

heap address: 0x0000000082200000, size: 2014 MB, Compressed Oops mode: 32-bit
Narrow klass base: 0x0000000000000000, Narrow klass shift: 3
Compressed class space size: 1073741824 Address: 0x0000000100000000

Heap:
 PSYoungGen      total 196608K, used 17507K [0x00000000d6100000, 0x00000000e6a80000, 0x0000000100000000)
  eden space 185344K, 3% used [0x00000000d6100000,0x00000000d671c268,0x00000000e1600000)
  from space 11264K, 99% used [0x00000000e1600000,0x00000000e20fcd68,0x00000000e2100000)
  to   space 16384K, 0% used [0x00000000e5a80000,0x00000000e5a80000,0x00000000e6a80000)
 ParOldGen       total 78336K, used 22899K [0x0000000082200000, 0x0000000086e80000, 0x00000000d6100000)
  object space 78336K, 29% used [0x0000000082200000,0x000000008385cd80,0x0000000086e80000)
 Metaspace       used 50950K, capacity 53942K, committed 54104K, reserved 1095680K
  class space    used 7206K, capacity 7724K, committed 7808K, reserved 1048576K

Card table byte_map: [0x0000000011dc0000,0x00000000121b0000] byte_map_base: 0x00000000119af000

Marking Bits: (ParMarkBitMap*) 0x00000000741fbe30
 Begin Bits: [0x0000000012850000, 0x00000000147c8000)
 End Bits:   [0x00000000147c8000, 0x0000000016740000)

Polling page: 0x00000000007f0000

CodeCache: size=245760Kb used=14304Kb max_used=14304Kb free=231455Kb
 bounds [0x0000000002a00000, 0x0000000003810000, 0x0000000011a00000]
 total_blobs=4532 nmethods=4005 adapters=438
 compilation: enabled

Compilation events (10 events):
Event: 8.973 Thread 0x000000001753d800 4038       3       sun.reflect.generics.parser.SignatureParser::parseFormalParameters (47 bytes)
Event: 8.974 Thread 0x000000001753d800 nmethod 4038 0x00000000037fec10 code [0x00000000037fede0, 0x00000000037ff148]
Event: 8.975 Thread 0x000000001753d800 4040   !   3       com.sun.proxy.$Proxy26::annotationType (29 bytes)
Event: 8.975 Thread 0x000000001753d800 nmethod 4040 0x00000000037ff2d0 code [0x00000000037ff460, 0x00000000037ff898]
Event: 8.975 Thread 0x000000001753d800 4041       1       org.springframework.beans.factory.config.BeanDefinitionHolder::getBeanDefinition (5 bytes)
Event: 8.975 Thread 0x000000001753d800 nmethod 4041 0x00000000037ffa50 code [0x00000000037ffba0, 0x00000000037ffcb0]
Event: 8.975 Thread 0x000000001753d800 4042       3       org.springframework.beans.factory.support.AbstractBeanDefinition::setPrimary (6 bytes)
Event: 8.975 Thread 0x000000001753d800 nmethod 4042 0x00000000037ffd10 code [0x00000000037ffe60, 0x00000000037fffb0]
Event: 8.978 Thread 0x000000001753d800 4043   !   3       com.sun.proxy.$Proxy45::annotationType (29 bytes)
Event: 8.979 Thread 0x000000001753d800 nmethod 4043 0x0000000003800050 code [0x00000000038001e0, 0x0000000003800618]

GC Heap History (10 events):
Event: 3.339 GC heap before
{Heap before GC invocations=7 (full 1):
 PSYoungGen      total 70656K, used 65536K [0x00000000d6100000, 0x00000000df100000, 0x0000000100000000)
  eden space 65536K, 100% used [0x00000000d6100000,0x00000000da100000,0x00000000da100000)
  from space 5120K, 0% used [0x00000000da100000,0x00000000da100000,0x00000000da600000)
  to   space 8192K, 0% used [0x00000000de900000,0x00000000de900000,0x00000000df100000)
 ParOldGen       total 50688K, used 6400K [0x0000000082200000, 0x0000000085380000, 0x00000000d6100000)
  object space 50688K, 12% used [0x0000000082200000,0x0000000082840300,0x0000000085380000)
 Metaspace       used 22948K, capacity 24272K, committed 24448K, reserved 1071104K
  class space    used 3053K, capacity 3337K, committed 3456K, reserved 1048576K
Event: 3.344 GC heap after
Heap after GC invocations=7 (full 1):
 PSYoungGen      total 115712K, used 3837K [0x00000000d6100000, 0x00000000ded00000, 0x0000000100000000)
  eden space 111616K, 0% used [0x00000000d6100000,0x00000000d6100000,0x00000000dce00000)
  from space 4096K, 93% used [0x00000000de900000,0x00000000decbf600,0x00000000ded00000)
  to   space 8192K, 0% used [0x00000000ddd00000,0x00000000ddd00000,0x00000000de500000)
 ParOldGen       total 50688K, used 6400K [0x0000000082200000, 0x0000000085380000, 0x00000000d6100000)
  object space 50688K, 12% used [0x0000000082200000,0x0000000082840300,0x0000000085380000)
 Metaspace       used 22948K, capacity 24272K, committed 24448K, reserved 1071104K
  class space    used 3053K, capacity 3337K, committed 3456K, reserved 1048576K
}
Event: 4.984 GC heap before
{Heap before GC invocations=8 (full 1):
 PSYoungGen      total 115712K, used 115453K [0x00000000d6100000, 0x00000000ded00000, 0x0000000100000000)
  eden space 111616K, 100% used [0x00000000d6100000,0x00000000dce00000,0x00000000dce00000)
  from space 4096K, 93% used [0x00000000de900000,0x00000000decbf600,0x00000000ded00000)
  to   space 8192K, 0% used [0x00000000ddd00000,0x00000000ddd00000,0x00000000de500000)
 ParOldGen       total 50688K, used 6400K [0x0000000082200000, 0x0000000085380000, 0x00000000d6100000)
  object space 50688K, 12% used [0x0000000082200000,0x0000000082840300,0x0000000085380000)
 Metaspace       used 29499K, capacity 31292K, committed 31488K, reserved 1077248K
  class space    used 3954K, capacity 4303K, committed 4352K, reserved 1048576K
Event: 5.006 GC heap after
Heap after GC invocations=8 (full 1):
 PSYoungGen      total 135168K, used 8174K [0x00000000d6100000, 0x00000000e2b00000, 0x0000000100000000)
  eden space 126976K, 0% used [0x00000000d6100000,0x00000000d6100000,0x00000000ddd00000)
  from space 8192K, 99% used [0x00000000ddd00000,0x00000000de4fb950,0x00000000de500000)
  to   space 10240K, 0% used [0x00000000e2100000,0x00000000e2100000,0x00000000e2b00000)
 ParOldGen       total 50688K, used 8841K [0x0000000082200000, 0x0000000085380000, 0x00000000d6100000)
  object space 50688K, 17% used [0x0000000082200000,0x0000000082aa2788,0x0000000085380000)
 Metaspace       used 29499K, capacity 31292K, committed 31488K, reserved 1077248K
  class space    used 3954K, capacity 4303K, committed 4352K, reserved 1048576K
}
Event: 5.798 GC heap before
{Heap before GC invocations=9 (full 1):
 PSYoungGen      total 135168K, used 64007K [0x00000000d6100000, 0x00000000e2b00000, 0x0000000100000000)
  eden space 126976K, 43% used [0x00000000d6100000,0x00000000d97864a8,0x00000000ddd00000)
  from space 8192K, 99% used [0x00000000ddd00000,0x00000000de4fb950,0x00000000de500000)
  to   space 10240K, 0% used [0x00000000e2100000,0x00000000e2100000,0x00000000e2b00000)
 ParOldGen       total 50688K, used 8841K [0x0000000082200000, 0x0000000085380000, 0x00000000d6100000)
  object space 50688K, 17% used [0x0000000082200000,0x0000000082aa2788,0x0000000085380000)
 Metaspace       used 33371K, capacity 35270K, committed 35416K, reserved 1079296K
  class space    used 4529K, capacity 4898K, committed 4992K, reserved 1048576K
Event: 5.809 GC heap after
Heap after GC invocations=9 (full 1):
 PSYoungGen      total 195584K, used 8785K [0x00000000d6100000, 0x00000000e4300000, 0x0000000100000000)
  eden space 185344K, 0% used [0x00000000d6100000,0x00000000d6100000,0x00000000e1600000)
  from space 10240K, 85% used [0x00000000e2100000,0x00000000e2994450,0x00000000e2b00000)
  to   space 11264K, 0% used [0x00000000e1600000,0x00000000e1600000,0x00000000e2100000)
 ParOldGen       total 50688K, used 8849K [0x0000000082200000, 0x0000000085380000, 0x00000000d6100000)
  object space 50688K, 17% used [0x0000000082200000,0x0000000082aa4788,0x0000000085380000)
 Metaspace       used 33371K, capacity 35270K, committed 35416K, reserved 1079296K
  class space    used 4529K, capacity 4898K, committed 4992K, reserved 1048576K
}
Event: 5.809 GC heap before
{Heap before GC invocations=10 (full 2):
 PSYoungGen      total 195584K, used 8785K [0x00000000d6100000, 0x00000000e4300000, 0x0000000100000000)
  eden space 185344K, 0% used [0x00000000d6100000,0x00000000d6100000,0x00000000e1600000)
  from space 10240K, 85% used [0x00000000e2100000,0x00000000e2994450,0x00000000e2b00000)
  to   space 11264K, 0% used [0x00000000e1600000,0x00000000e1600000,0x00000000e2100000)
 ParOldGen       total 50688K, used 8849K [0x0000000082200000, 0x0000000085380000, 0x00000000d6100000)
  object space 50688K, 17% used [0x0000000082200000,0x0000000082aa4788,0x0000000085380000)
 Metaspace       used 33371K, capacity 35270K, committed 35416K, reserved 1079296K
  class space    used 4529K, capacity 4898K, committed 4992K, reserved 1048576K
Event: 5.883 GC heap after
Heap after GC invocations=10 (full 2):
 PSYoungGen      total 195584K, used 0K [0x00000000d6100000, 0x00000000e4300000, 0x0000000100000000)
  eden space 185344K, 0% used [0x00000000d6100000,0x00000000d6100000,0x00000000e1600000)
  from space 10240K, 0% used [0x00000000e2100000,0x00000000e2100000,0x00000000e2b00000)
  to   space 11264K, 0% used [0x00000000e1600000,0x00000000e1600000,0x00000000e2100000)
 ParOldGen       total 78336K, used 13189K [0x0000000082200000, 0x0000000086e80000, 0x00000000d6100000)
  object space 78336K, 16% used [0x0000000082200000,0x0000000082ee14a8,0x0000000086e80000)
 Metaspace       used 33371K, capacity 35270K, committed 35416K, reserved 1079296K
  class space    used 4529K, capacity 4898K, committed 4992K, reserved 1048576K
}
Event: 8.901 GC heap before
{Heap before GC invocations=11 (full 2):
 PSYoungGen      total 195584K, used 185344K [0x00000000d6100000, 0x00000000e4300000, 0x0000000100000000)
  eden space 185344K, 100% used [0x00000000d6100000,0x00000000e1600000,0x00000000e1600000)
  from space 10240K, 0% used [0x00000000e2100000,0x00000000e2100000,0x00000000e2b00000)
  to   space 11264K, 0% used [0x00000000e1600000,0x00000000e1600000,0x00000000e2100000)
 ParOldGen       total 78336K, used 13189K [0x0000000082200000, 0x0000000086e80000, 0x00000000d6100000)
  object space 78336K, 16% used [0x0000000082200000,0x0000000082ee14a8,0x0000000086e80000)
 Metaspace       used 50933K, capacity 53904K, committed 54104K, reserved 1095680K
  class space    used 7203K, capacity 7691K, committed 7808K, reserved 1048576K
Event: 8.930 GC heap after
Heap after GC invocations=11 (full 2):
 PSYoungGen      total 196608K, used 11251K [0x00000000d6100000, 0x00000000e6a80000, 0x0000000100000000)
  eden space 185344K, 0% used [0x00000000d6100000,0x00000000d6100000,0x00000000e1600000)
  from space 11264K, 99% used [0x00000000e1600000,0x00000000e20fcd68,0x00000000e2100000)
  to   space 16384K, 0% used [0x00000000e5a80000,0x00000000e5a80000,0x00000000e6a80000)
 ParOldGen       total 78336K, used 22899K [0x0000000082200000, 0x0000000086e80000, 0x00000000d6100000)
  object space 78336K, 29% used [0x0000000082200000,0x000000008385cd80,0x0000000086e80000)
 Metaspace       used 50933K, capacity 53904K, committed 54104K, reserved 1095680K
  class space    used 7203K, capacity 7691K, committed 7808K, reserved 1048576K
}

Deoptimization events (10 events):
Event: 8.170 Thread 0x0000000002908000 Uncommon trap: reason=unstable_if action=reinterpret pc=0x00000000034232b0 method=org.springframework.util.ConcurrentReferenceHashMap$Segment.restructureIfNecessary(Z)V @ 41
Event: 8.212 Thread 0x0000000002908000 Uncommon trap: reason=unstable_if action=reinterpret pc=0x0000000002f41c8c method=org.springframework.util.ConcurrentReferenceHashMap$Segment.restructureIfNecessary(Z)V @ 41
Event: 8.328 Thread 0x0000000002908000 Uncommon trap: reason=class_check action=maybe_recompile pc=0x00000000034c8930 method=org.springframework.beans.factory.support.AbstractBeanFactory.isTypeMatch(Ljava/lang/String;Lorg/springframework/core/ResolvableType;Z)Z @ 53
Event: 8.445 Thread 0x0000000002908000 Uncommon trap: reason=unstable_if action=reinterpret pc=0x0000000003523c80 method=java.util.Properties$LineReader.readLine()I @ 252
Event: 8.445 Thread 0x0000000002908000 Uncommon trap: reason=unstable_if action=reinterpret pc=0x0000000002fd9c50 method=java.util.Properties$LineReader.readLine()I @ 252
Event: 8.450 Thread 0x0000000002908000 Uncommon trap: reason=unstable_if action=reinterpret pc=0x0000000002f48a1c method=java.io.WinNTFileSystem.isLetter(C)Z @ 3
Event: 8.455 Thread 0x0000000002908000 Uncommon trap: reason=unstable_if action=reinterpret pc=0x00000000035d4960 method=java.io.WinNTFileSystem.resolve(Ljava/lang/String;Ljava/lang/String;)Ljava/lang/String; @ 117
Event: 8.528 Thread 0x0000000002908000 Uncommon trap: reason=unstable_if action=reinterpret pc=0x00000000036ee74c method=org.springframework.core.annotation.TypeMappedAnnotations$MergedAnnotationFinder.doWithAnnotations(Ljava/lang/Object;ILjava/lang/Object;[Ljava/lang/annotation/Annotation;)Lo
Event: 8.672 Thread 0x0000000002908000 Uncommon trap: reason=unstable_if action=reinterpret pc=0x00000000033fc49c method=org.springframework.core.ResolvableType.resolveClass()Ljava/lang/Class; @ 37
Event: 8.936 Thread 0x0000000002908000 Uncommon trap: reason=unstable_if action=reinterpret pc=0x00000000037dbab4 method=org.springframework.core.annotation.AnnotationsScanner.processClassInheritedAnnotations(Ljava/lang/Object;Ljava/lang/Class;Lorg/springframework/core/annotation/MergedAnnotat

Classes redefined (0 events):
No events

Internal exceptions (10 events):
Event: 8.958 Thread 0x0000000002908000 Exception <a 'java/lang/ClassNotFoundException': org/springframework/beans/factory/AwareCustomizer> (0x00000000d62fd1f0) thrown at [C:\ade\jenkins\workspace\8-2-build-windows-amd64-cygwin\jdk8u241\331\hotspot\src\share\vm\classfile\systemDictionary.cpp, l
Event: 8.959 Thread 0x0000000002908000 Exception <a 'java/lang/ClassNotFoundException': org/springframework/context/ApplicationContextAwareCustomizer> (0x00000000d63205f0) thrown at [C:\ade\jenkins\workspace\8-2-build-windows-amd64-cygwin\jdk8u241\331\hotspot\src\share\vm\classfile\systemDicti
Event: 8.961 Thread 0x0000000002908000 Exception <a 'java/lang/ClassNotFoundException': org/springframework/beans/factory/AwareCustomizer> (0x00000000d6340a40) thrown at [C:\ade\jenkins\workspace\8-2-build-windows-amd64-cygwin\jdk8u241\331\hotspot\src\share\vm\classfile\systemDictionary.cpp, l
Event: 8.962 Thread 0x0000000002908000 Exception <a 'java/lang/ClassNotFoundException': org/springframework/web/context/ServletContextAwareCustomizer> (0x00000000d6363df0) thrown at [C:\ade\jenkins\workspace\8-2-build-windows-amd64-cygwin\jdk8u241\331\hotspot\src\share\vm\classfile\systemDicti
Event: 8.963 Thread 0x0000000002908000 Exception <a 'java/lang/ClassNotFoundException': org/springframework/beans/factory/AwareCustomizer> (0x00000000d6383cb0) thrown at [C:\ade\jenkins\workspace\8-2-build-windows-amd64-cygwin\jdk8u241\331\hotspot\src\share\vm\classfile\systemDictionary.cpp, l
Event: 8.969 Thread 0x0000000002908000 Exception <a 'java/lang/ClassNotFoundException': java/lang/ObjectCustomizer> (0x00000000d63ae490) thrown at [C:\ade\jenkins\workspace\8-2-build-windows-amd64-cygwin\jdk8u241\331\hotspot\src\share\vm\classfile\systemDictionary.cpp, line 210]
Event: 8.970 Thread 0x0000000002908000 Exception <a 'java/lang/ClassNotFoundException': org/springframework/boot/autoconfigure/web/servlet/WebMvcAutoConfiguration$WebMvcAutoConfigurationAdapterCustomizer> (0x00000000d63e7ad0) thrown at [C:\ade\jenkins\workspace\8-2-build-windows-amd64-cygwin\j
Event: 8.972 Thread 0x0000000002908000 Exception <a 'java/lang/ClassNotFoundException': org/springframework/web/servlet/config/annotation/WebMvcConfigurerCustomizer> (0x00000000d641d180) thrown at [C:\ade\jenkins\workspace\8-2-build-windows-amd64-cygwin\jdk8u241\331\hotspot\src\share\vm\classf
Event: 8.977 Thread 0x0000000002908000 Exception <a 'java/lang/ClassNotFoundException': java/lang/ObjectCustomizer> (0x00000000d6450ce0) thrown at [C:\ade\jenkins\workspace\8-2-build-windows-amd64-cygwin\jdk8u241\331\hotspot\src\share\vm\classfile\systemDictionary.cpp, line 210]
Event: 8.978 Thread 0x0000000002908000 Exception <a 'java/lang/ClassNotFoundException': org/springframework/boot/autoconfigure/orm/jpa/JpaBaseConfiguration$JpaWebConfigurationCustomizer> (0x00000000d6483700) thrown at [C:\ade\jenkins\workspace\8-2-build-windows-amd64-cygwin\jdk8u241\331\hotspo

Events (10 events):
Event: 8.976 loading class java/lang/ObjectCustomizer
Event: 8.976 loading class java/lang/ObjectCustomizer done
Event: 8.977 loading class java/lang/ObjectCustomizer
Event: 8.977 loading class java/lang/ObjectCustomizer done
Event: 8.977 loading class org/springframework/boot/autoconfigure/orm/jpa/JpaBaseConfiguration$JpaWebConfigurationCustomizer
Event: 8.977 loading class org/springframework/boot/autoconfigure/orm/jpa/JpaBaseConfiguration$JpaWebConfigurationCustomizer done
Event: 8.977 loading class org/springframework/boot/autoconfigure/orm/jpa/JpaBaseConfiguration$JpaWebConfigurationCustomizer
Event: 8.977 loading class org/springframework/boot/autoconfigure/orm/jpa/JpaBaseConfiguration$JpaWebConfigurationCustomizer done
Event: 8.978 loading class org/springframework/boot/autoconfigure/orm/jpa/JpaBaseConfiguration$JpaWebConfigurationCustomizer
Event: 8.978 loading class org/springframework/boot/autoconfigure/orm/jpa/JpaBaseConfiguration$JpaWebConfigurationCustomizer done


Dynamic libraries:
0x00007ff737b70000 - 0x00007ff737ba7000 	C:\Program Files\Java\jdk1.8.0_241\bin\javaw.exe
0x00007ffec8120000 - 0x00007ffec8310000 	C:\WINDOWS\SYSTEM32\ntdll.dll
0x00007ffec6c50000 - 0x00007ffec6d02000 	C:\WINDOWS\System32\KERNEL32.DLL
0x00007ffec5ca0000 - 0x00007ffec5f43000 	C:\WINDOWS\System32\KERNELBASE.dll
0x00007ffec67b0000 - 0x00007ffec6853000 	C:\WINDOWS\System32\ADVAPI32.dll
0x00007ffec7460000 - 0x00007ffec74fe000 	C:\WINDOWS\System32\msvcrt.dll
0x00007ffec66f0000 - 0x00007ffec6787000 	C:\WINDOWS\System32\sechost.dll
0x00007ffec7d70000 - 0x00007ffec7e90000 	C:\WINDOWS\System32\RPCRT4.dll
0x00007ffec76b0000 - 0x00007ffec7844000 	C:\WINDOWS\System32\USER32.dll
0x00007ffec5f50000 - 0x00007ffec5f71000 	C:\WINDOWS\System32\win32u.dll
0x00007ffec6a40000 - 0x00007ffec6a66000 	C:\WINDOWS\System32\GDI32.dll
0x00007ffec50b0000 - 0x00007ffec5244000 	C:\WINDOWS\System32\gdi32full.dll
0x00007ffec60d0000 - 0x00007ffec616e000 	C:\WINDOWS\System32\msvcp_win.dll
0x00007ffec5f80000 - 0x00007ffec607a000 	C:\WINDOWS\System32\ucrtbase.dll
0x00007ffea91f0000 - 0x00007ffea9475000 	C:\WINDOWS\WinSxS\amd64_microsoft.windows.common-controls_6595b64144ccf1df_6.0.18362.720_none_e6beb5c51314836b\COMCTL32.dll
0x00007ffec7850000 - 0x00007ffec7b86000 	C:\WINDOWS\System32\combase.dll
0x00007ffec5a80000 - 0x00007ffec5b00000 	C:\WINDOWS\System32\bcryptPrimitives.dll
0x00007ffec7b90000 - 0x00007ffec7bbe000 	C:\WINDOWS\System32\IMM32.DLL
0x0000000074570000 - 0x0000000074642000 	C:\Program Files\Java\jdk1.8.0_241\jre\bin\msvcr100.dll
0x00000000739d0000 - 0x000000007427c000 	C:\Program Files\Java\jdk1.8.0_241\jre\bin\server\jvm.dll
0x00007ffec6a30000 - 0x00007ffec6a38000 	C:\WINDOWS\System32\PSAPI.DLL
0x00007ffec3b10000 - 0x00007ffec3b19000 	C:\WINDOWS\SYSTEM32\WSOCK32.dll
0x00007ffec7500000 - 0x00007ffec756f000 	C:\WINDOWS\System32\WS2_32.dll
0x00007ffec1470000 - 0x00007ffec1494000 	C:\WINDOWS\SYSTEM32\WINMM.dll
0x00007ffebb410000 - 0x00007ffebb41a000 	C:\WINDOWS\SYSTEM32\VERSION.dll
0x00007ffebfe10000 - 0x00007ffebfe3d000 	C:\WINDOWS\SYSTEM32\WINMMBASE.dll
0x00007ffec5c50000 - 0x00007ffec5c9a000 	C:\WINDOWS\System32\cfgmgr32.dll
0x00007ffebbd70000 - 0x00007ffebbd7f000 	C:\Program Files\Java\jdk1.8.0_241\jre\bin\verify.dll
0x00007ffe97ea0000 - 0x00007ffe97ec9000 	C:\Program Files\Java\jdk1.8.0_241\jre\bin\java.dll
0x00007ffebbcf0000 - 0x00007ffebbd06000 	C:\Program Files\Java\jdk1.8.0_241\jre\bin\zip.dll
0x00007ffec6d10000 - 0x00007ffec73f5000 	C:\WINDOWS\System32\SHELL32.dll
0x00007ffec61d0000 - 0x00007ffec6279000 	C:\WINDOWS\System32\shcore.dll
0x00007ffec5250000 - 0x00007ffec59d0000 	C:\WINDOWS\System32\windows.storage.dll
0x00007ffec5010000 - 0x00007ffec5033000 	C:\WINDOWS\System32\profapi.dll
0x00007ffec5060000 - 0x00007ffec50aa000 	C:\WINDOWS\System32\powrprof.dll
0x00007ffec4fe0000 - 0x00007ffec4ff0000 	C:\WINDOWS\System32\UMPDC.dll
0x00007ffec8080000 - 0x00007ffec80d2000 	C:\WINDOWS\System32\shlwapi.dll
0x00007ffec5040000 - 0x00007ffec5051000 	C:\WINDOWS\System32\kernel.appcore.dll
0x00007ffec60b0000 - 0x00007ffec60c7000 	C:\WINDOWS\System32\cryptsp.dll
0x00007ffebbbd0000 - 0x00007ffebbbea000 	C:\Program Files\Java\jdk1.8.0_241\jre\bin\net.dll
0x00007ffec47f0000 - 0x00007ffec4857000 	C:\WINDOWS\system32\mswsock.dll
0x00007ffea44f0000 - 0x00007ffea4502000 	C:\Program Files\Java\jdk1.8.0_241\jre\bin\nio.dll
0x00007ffebaa70000 - 0x00007ffebaa7d000 	C:\Program Files\Java\jdk1.8.0_241\jre\bin\management.dll
0x00007ffeabd30000 - 0x00007ffeabd46000 	C:\WINDOWS\system32\napinsp.dll
0x00007ffeabd10000 - 0x00007ffeabd2a000 	C:\WINDOWS\system32\pnrpnsp.dll
0x00007ffec4550000 - 0x00007ffec461a000 	C:\WINDOWS\SYSTEM32\DNSAPI.dll
0x00007ffec7fc0000 - 0x00007ffec7fc8000 	C:\WINDOWS\System32\NSI.dll
0x00007ffec4500000 - 0x00007ffec453a000 	C:\WINDOWS\SYSTEM32\IPHLPAPI.DLL
0x00007ffeabd00000 - 0x00007ffeabd0e000 	C:\WINDOWS\System32\winrnr.dll
0x00007ffec1990000 - 0x00007ffec19ac000 	C:\WINDOWS\system32\NLAapi.dll
0x00007ffec19b0000 - 0x00007ffec19c5000 	C:\WINDOWS\system32\wshbth.dll
0x00007ffebbdf0000 - 0x00007ffebbdfa000 	C:\Windows\System32\rasadhlp.dll
0x00007ffebc8f0000 - 0x00007ffebc967000 	C:\WINDOWS\System32\fwpuclnt.dll
0x00007ffec6080000 - 0x00007ffec60a6000 	C:\WINDOWS\System32\bcrypt.dll
0x00007ffec4360000 - 0x00007ffec4393000 	C:\WINDOWS\system32\rsaenh.dll
0x00007ffec4ed0000 - 0x00007ffec4ef5000 	C:\WINDOWS\SYSTEM32\USERENV.dll
0x00007ffec49c0000 - 0x00007ffec49cc000 	C:\WINDOWS\SYSTEM32\CRYPTBASE.dll
0x00007ffebcb80000 - 0x00007ffebcb96000 	C:\WINDOWS\SYSTEM32\dhcpcsvc6.DLL
0x00007ffebcaf0000 - 0x00007ffebcb0c000 	C:\WINDOWS\SYSTEM32\dhcpcsvc.DLL

VM Arguments:
jvm_args: -ea -Dfile.encoding=UTF-8 
java_command: org.eclipse.jdt.internal.junit.runner.RemoteTestRunner -version 3 -port 57229 -testLoaderClass org.eclipse.jdt.internal.junit5.runner.JUnit5TestLoader -loaderpluginname org.eclipse.jdt.junit5.runtime -classNames dmacc.SpringLibrarySystemApplicationTests
java_class_path (initial): C:\Users\Kalpana Prajapati\Documents\GitHub\SpringJPAJoin\target\test-classes;C:\Users\Kalpana Prajapati\Documents\GitHub\SpringJPAJoin\target\classes;C:\Users\Kalpana Prajapati\.m2\repository\org\springframework\boot\spring-boot-starter-data-jpa\2.2.6.RELEASE\spring-boot-starter-data-jpa-2.2.6.RELEASE.jar;C:\Users\Kalpana Prajapati\.m2\repository\org\springframework\boot\spring-boot-starter-aop\2.2.6.RELEASE\spring-boot-starter-aop-2.2.6.RELEASE.jar;C:\Users\Kalpana Prajapati\.m2\repository\org\springframework\spring-aop\5.2.5.RELEASE\spring-aop-5.2.5.RELEASE.jar;C:\Users\Kalpana Prajapati\.m2\repository\org\aspectj\aspectjweaver\1.9.5\aspectjweaver-1.9.5.jar;C:\Users\Kalpana Prajapati\.m2\repository\org\springframework\boot\spring-boot-starter-jdbc\2.2.6.RELEASE\spring-boot-starter-jdbc-2.2.6.RELEASE.jar;C:\Users\Kalpana Prajapati\.m2\repository\com\zaxxer\HikariCP\3.4.2\HikariCP-3.4.2.jar;C:\Users\Kalpana Prajapati\.m2\repository\org\springframework\spring-jdbc\5.2.5.RELEASE\spring-jdbc-5.2.5.RELEASE.jar;C:\Users\Kalpana Prajapati\.m2\repository\jakarta\activation\jakarta.activation-api\1.2.2\jakarta.activation-api-1.2.2.jar;C:\Users\Kalpana Prajapati\.m2\repository\jakarta\persistence\jakarta.persistence-api\2.2.3\jakarta.persistence-api-2.2.3.jar;C:\Users\Kalpana Prajapati\.m2\repository\jakarta\transaction\jakarta.transaction-api\1.3.3\jakarta.transaction-api-1.3.3.jar;C:\Users\Kalpana Prajapati\.m2\repository\org\hibernate\hibernate-core\5.4.12.Final\hibernate-core-5.4.12.Final.jar;C:\Users\Kalpana Prajapati\.m2\repository\org\jboss\logging\jboss-logging\3.4.1.Final\jboss-logging-3.4.1.Final.jar;C:\Users\Kalpana Prajapati\.m2\repository\org\javassist\javassist\3.24.0-GA\javassist-3.24.0-GA.jar;C:\Users\Kalpana Prajapati\.m2\repository\net\bytebuddy\byte-buddy\1.10.8\byte-buddy-1.10.8.jar;C:\Users\Kalpana Prajapati\.m2\repository\antlr\antlr\2.7.7\antlr-2.7.7.jar;C:\Users\Kalpana Prajapati\.m2\repository\org\jboss\jandex\2.1.1.Fina
Launcher Type: SUN_STANDARD

Environment Variables:
JAVA_HOME=C:\Program Files\Java\jdk1.8.0_101
PATH=C:/Program Files/Java/jdk1.8.0_241/bin/../jre/bin/server;C:/Program Files/Java/jdk1.8.0_241/bin/../jre/bin;C:/Program Files/Java/jdk1.8.0_241/bin/../jre/lib/amd64;C:\Program Files (x86)\Common Files\Oracle\Java\javapath;C:\Program Files (x86)\Intel\iCLS Client\;C:\ProgramData\Oracle\Java\javapath;C:\Program Files\Intel\iCLS Client\;C:\WINDOWS\system32;C:\WINDOWS;C:\WINDOWS\System32\Wbem;C:\WINDOWS\System32\WindowsPowerShell\v1.0\;c:\Program Files\Intel\IntelSGXPSW\bin\x64\Release\;c:\Program Files\Intel\IntelSGXPSW\bin\win32\Release\;C:\Program Files\Microsoft\Web Platform Installer\;C:\WINDOWS\system32\config\systemprofile\.dnx\bin;C:\Program Files\Microsoft DNX\Dnvm\;C:\Program Files (x86)\Intel\Intel(R) Management Engine Components\DAL;C:\Program Files\Intel\Intel(R) Management Engine Components\DAL;C:\Program Files (x86)\Intel\Intel(R) Management Engine Components\IPT;C:\Program Files\Intel\Intel(R) Management Engine Components\IPT;C:\Program Files\TortoiseSVN\bin;C:\WINDOWS\System32\OpenSSH\;C:\Program Files\nodejs\;C:\Program Files\Intel\WiFi\bin\;C:\Program Files\Common Files\Intel\WirelessCommon\;C:\Apache-Maven\apache-maven-3.5.4\bin;C:\Program Files\Microsoft VS Code\bin;C:\Users\Kalpana Prajapati\AppData\Local\Microsoft\WindowsApps;C:\Program Files\Microsoft VS Code\bin;C:\Users\Kalpana Prajapati\AppData\Roaming\npm;C:\Users\Kalpana Prajapati\AppData\Local\Microsoft\WindowsApps;C:\Users\Kalpana Prajapati\AppData\Local\GitHubDesktop\bin;C:\Users\Kalpana Prajapati\Desktop;
USERNAME=Kalpana Prajapati
OS=Windows_NT
PROCESSOR_IDENTIFIER=Intel64 Family 6 Model 78 Stepping 3, GenuineIntel



---------------  S Y S T E M  ---------------

OS: Windows 10.0 , 64 bit Build 18362 (10.0.18362.329)

CPU:total 4 (initial active 4) (2 cores per cpu, 2 threads per core) family 6 model 78 stepping 3, cmov, cx8, fxsr, mmx, sse, sse2, sse3, ssse3, sse4.1, sse4.2, popcnt, avx, avx2, aes, clmul, erms, 3dnowpref, lzcnt, ht, tsc, tscinvbit, bmi1, bmi2, adx

Memory: 4k page, physical 8242448k(1746156k free), swap 9266448k(4644k free)

vm_info: Java HotSpot(TM) 64-Bit Server VM (25.241-b07) for windows-amd64 JRE (1.8.0_241-b07), built on Dec 11 2019 10:21:40 by "rejava" with MS VC++ 10.0 (VS2010)

time: Thu Apr 02 23:13:59 2020
timezone: Central Daylight Time
elapsed time: 9 seconds (0d 0h 0m 9s)

